Target T780: 900.000 	 Tolerance 0.06 ~ 54.000
Target T810: 0.058 	 Tolerance 0.04 ~ 0.002
Time start: 23:04:59
Initial Transmission: T780 907.635 T810 0.056 

Do not need to lock 
Locking result: 1 
Finished at Wed, 15 Mar 2017 23:04:59
Locking duration 0 seconds
T780 and T810 after locking 907.635 0.056 


####################
Target T780: 900.000 	 Tolerance 0.06 ~ 54.000
Target T810: 0.058 	 Tolerance 0.04 ~ 0.002
Time start: 23:05:46
Initial Transmission: T780 928.379 T810 0.056 

Do not need to lock 
Locking result: 1 
Finished at Wed, 15 Mar 2017 23:05:46
Locking duration 0 seconds
T780 and T810 after locking 928.379 0.056 


####################
Target T780: 900.000 	 Tolerance 0.06 ~ 54.000
Target T810: 0.058 	 Tolerance 0.04 ~ 0.002
Time start: 23:06:32
Initial Transmission: T780 931.719 T810 0.056 

Do not need to lock 
Locking result: 1 
Finished at Wed, 15 Mar 2017 23:06:32
Locking duration 0 seconds
T780 and T810 after locking 931.719 0.056 


####################
Target T780: 900.000 	 Tolerance 0.06 ~ 54.000
Target T810: 0.058 	 Tolerance 0.04 ~ 0.002
Time start: 23:10:51
Initial Transmission: T780 928.526 T810 0.056 

Do not need to lock 
Locking result: 1 
Finished at Wed, 15 Mar 2017 23:10:51
Locking duration 0 seconds
T780 and T810 after locking 928.526 0.056 


####################
Target T780: 900.000 	 Tolerance 0.06 ~ 54.000
Target T810: 0.058 	 Tolerance 0.04 ~ 0.002
Time start: 23:11:36
Initial Transmission: T780 924.021 T810 0.057 

Do not need to lock 
Locking result: 1 
Finished at Wed, 15 Mar 2017 23:11:36
Locking duration 0 seconds
T780 and T810 after locking 924.021 0.057 


####################
Target T780: 900.000 	 Tolerance 0.06 ~ 54.000
Target T810: 0.058 	 Tolerance 0.04 ~ 0.002
Time start: 23:15:40
Initial Transmission: T780 891.552 T810 0.057 

Do not need to lock 
Locking result: 1 
Finished at Wed, 15 Mar 2017 23:15:40
Locking duration 0 seconds
T780 and T810 after locking 891.552 0.057 


####################
Target T780: 900.000 	 Tolerance 0.06 ~ 54.000
Target T810: 0.058 	 Tolerance 0.04 ~ 0.002
Time start: 23:16:25
Initial Transmission: T780 907.906 T810 0.056 

Do not need to lock 
Locking result: 1 
Finished at Wed, 15 Mar 2017 23:16:25
Locking duration 0 seconds
T780 and T810 after locking 907.906 0.056 


####################
Target T780: 900.000 	 Tolerance 0.06 ~ 54.000
Target T810: 0.058 	 Tolerance 0.04 ~ 0.002
Time start: 23:20:27
Initial Transmission: T780 897.053 T810 0.057 

Do not need to lock 
Locking result: 1 
Finished at Wed, 15 Mar 2017 23:20:27
Locking duration 0 seconds
T780 and T810 after locking 897.053 0.057 


####################
Target T780: 900.000 	 Tolerance 0.06 ~ 54.000
Target T810: 0.058 	 Tolerance 0.04 ~ 0.002
Time start: 23:21:13
Initial Transmission: T780 892.511 T810 0.056 

Do not need to lock 
Locking result: 1 
Finished at Wed, 15 Mar 2017 23:21:13
Locking duration 0 seconds
T780 and T810 after locking 892.511 0.056 


####################
Target T780: 900.000 	 Tolerance 0.06 ~ 54.000
Target T810: 0.058 	 Tolerance 0.04 ~ 0.002
Time start: 23:25:20
Initial Transmission: T780 925.616 T810 0.056 

Do not need to lock 
Locking result: 1 
Finished at Wed, 15 Mar 2017 23:25:20
Locking duration 0 seconds
T780 and T810 after locking 925.616 0.056 


####################
