Target T780: 900.000 	 Tolerance 0.06 ~ 54.000
Target T810: 0.058 	 Tolerance 0.04 ~ 0.002
Time start: 00:47:56
Initial Transmission: T780 927.505 T810 0.056 

Do not need to lock 
Locking result: 1 
Finished at Thu, 16 Mar 2017 00:47:56
Locking duration 0 seconds
T780 and T810 after locking 927.505 0.056 


####################
Target T780: 900.000 	 Tolerance 0.06 ~ 54.000
Target T810: 0.058 	 Tolerance 0.04 ~ 0.002
Time start: 00:48:41
Initial Transmission: T780 905.948 T810 0.056 

Do not need to lock 
Locking result: 1 
Finished at Thu, 16 Mar 2017 00:48:41
Locking duration 0 seconds
T780 and T810 after locking 905.948 0.056 


####################
Target T780: 900.000 	 Tolerance 0.06 ~ 54.000
Target T810: 0.058 	 Tolerance 0.04 ~ 0.002
Time start: 00:53:02
Initial Transmission: T780 917.667 T810 0.056 

Do not need to lock 
Locking result: 1 
Finished at Thu, 16 Mar 2017 00:53:02
Locking duration 0 seconds
T780 and T810 after locking 917.667 0.056 


####################
Target T780: 900.000 	 Tolerance 0.06 ~ 54.000
Target T810: 0.058 	 Tolerance 0.04 ~ 0.002
Time start: 00:57:17
Initial Transmission: T780 900.800 T810 0.056 

Do not need to lock 
Locking result: 1 
Finished at Thu, 16 Mar 2017 00:57:17
Locking duration 0 seconds
T780 and T810 after locking 900.800 0.056 


####################
Target T780: 900.000 	 Tolerance 0.06 ~ 54.000
Target T810: 0.058 	 Tolerance 0.04 ~ 0.002
Time start: 01:01:22
Initial Transmission: T780 902.289 T810 0.056 

Do not need to lock 
Locking result: 1 
Finished at Thu, 16 Mar 2017 01:01:22
Locking duration 0 seconds
T780 and T810 after locking 902.289 0.056 


####################
Target T780: 900.000 	 Tolerance 0.06 ~ 54.000
Target T810: 0.058 	 Tolerance 0.04 ~ 0.002
Time start: 01:05:47
Initial Transmission: T780 920.426 T810 0.056 

Do not need to lock 
Locking result: 1 
Finished at Thu, 16 Mar 2017 01:05:47
Locking duration 0 seconds
T780 and T810 after locking 920.426 0.056 


####################
Target T780: 900.000 	 Tolerance 0.06 ~ 54.000
Target T810: 0.058 	 Tolerance 0.04 ~ 0.002
Time start: 01:06:32
Initial Transmission: T780 917.708 T810 0.056 

Do not need to lock 
Locking result: 1 
Finished at Thu, 16 Mar 2017 01:06:32
Locking duration 0 seconds
T780 and T810 after locking 917.708 0.056 


####################
