Target T780: 900.000 	 Tolerance 0.06 ~ 54.000
Target T810: 0.058 	 Tolerance 0.04 ~ 0.002
Time start: 15:31:48
Initial Transmission: T780 834.745 T810 0.056 

T780 Lock 
8.220 -4.930 839.660
8.210 -4.940 857.740
Lock result: 1
T810 Lock
8.210 -4.940 0.057
Lock result: 2

Finished at Wed, 15 Mar 2017 15:32:13
Locking duration 24 seconds
T780 and T810 after locking 875.796 0.056 


####################
Target T780: 900.000 	 Tolerance 0.06 ~ 54.000
Target T810: 0.058 	 Tolerance 0.04 ~ 0.002
Time start: 15:33:00
Initial Transmission: T780 870.896 T810 0.056 

Do not need to lock 
Locking result: 1 
Finished at Wed, 15 Mar 2017 15:33:00
Locking duration 0 seconds
T780 and T810 after locking 870.896 0.056 


####################
Target T780: 900.000 	 Tolerance 0.06 ~ 54.000
Target T810: 0.058 	 Tolerance 0.04 ~ 0.002
Time start: 15:33:45
Initial Transmission: T780 881.351 T810 0.056 

Do not need to lock 
Locking result: 1 
Finished at Wed, 15 Mar 2017 15:33:45
Locking duration 0 seconds
T780 and T810 after locking 881.351 0.056 


####################
Target T780: 900.000 	 Tolerance 0.06 ~ 54.000
Target T810: 0.058 	 Tolerance 0.04 ~ 0.002
Time start: 15:38:10
Initial Transmission: T780 827.559 T810 0.055 

T780 Lock 
8.210 -4.940 840.720
8.200 -4.930 849.920
Lock result: 1
T810 Lock
8.200 -4.930 0.056
Lock result: 2

T780 Lock 
8.200 -4.930 823.680
8.190 -4.920 858.780
Lock result: 1
T810 Lock
8.190 -4.920 0.057
Lock result: 2

T780 Lock 
8.190 -4.920 834.680
8.180 -4.910 841.900
8.170 -4.910 820.600
8.160 -4.920 864.080
Lock result: 1
T810 Lock
8.160 -4.920 0.058
Lock result: 2

Finished at Wed, 15 Mar 2017 15:40:06
Locking duration 115 seconds
T780 and T810 after locking 888.125 0.058 


####################
Target T780: 900.000 	 Tolerance 0.06 ~ 54.000
Target T810: 0.058 	 Tolerance 0.04 ~ 0.002
Time start: 15:40:53
Initial Transmission: T780 920.175 T810 0.058 

Do not need to lock 
Locking result: 1 
Finished at Wed, 15 Mar 2017 15:40:53
Locking duration 0 seconds
T780 and T810 after locking 920.175 0.058 


####################
Target T780: 900.000 	 Tolerance 0.06 ~ 54.000
Target T810: 0.058 	 Tolerance 0.04 ~ 0.002
Time start: 15:41:38
Initial Transmission: T780 877.589 T810 0.058 

Do not need to lock 
Locking result: 1 
Finished at Wed, 15 Mar 2017 15:41:38
Locking duration 0 seconds
T780 and T810 after locking 877.589 0.058 


####################
Target T780: 900.000 	 Tolerance 0.06 ~ 54.000
Target T810: 0.058 	 Tolerance 0.04 ~ 0.002
Time start: 15:45:41
Initial Transmission: T780 888.372 T810 0.058 

Do not need to lock 
Locking result: 1 
Finished at Wed, 15 Mar 2017 15:45:41
Locking duration 0 seconds
T780 and T810 after locking 888.372 0.058 


####################
Target T780: 900.000 	 Tolerance 0.06 ~ 54.000
Target T810: 0.058 	 Tolerance 0.04 ~ 0.002
Time start: 15:49:25
Initial Transmission: T780 884.777 T810 0.057 

Do not need to lock 
Locking result: 1 
Finished at Wed, 15 Mar 2017 15:49:25
Locking duration 0 seconds
T780 and T810 after locking 884.777 0.057 


####################
Target T780: 900.000 	 Tolerance 0.06 ~ 54.000
Target T810: 0.058 	 Tolerance 0.04 ~ 0.002
Time start: 15:53:09
Initial Transmission: T780 880.155 T810 0.057 

Do not need to lock 
Locking result: 1 
Finished at Wed, 15 Mar 2017 15:53:09
Locking duration 0 seconds
T780 and T810 after locking 880.155 0.057 


####################
Target T780: 900.000 	 Tolerance 0.06 ~ 54.000
Target T810: 0.058 	 Tolerance 0.04 ~ 0.002
Time start: 15:53:54
Initial Transmission: T780 853.449 T810 0.056 

Do not need to lock 
Locking result: 1 
Finished at Wed, 15 Mar 2017 15:53:54
Locking duration 0 seconds
T780 and T810 after locking 853.449 0.056 


####################
