Target T780: 800.000 	 Tolerance 0.08 ~ 64.000
Target T810: 0.062 	 Tolerance 0.04 ~ 0.002
Time start: Thu, 09 Mar 2017 17:43:48
Initial Transmission: T780 766.687 T810 0.060 

Do not need to lock 
Locking result: 1 
Finished at Thu, 09 Mar 2017 17:43:48
Locking duration 0 seconds
T780 and T810 after locking 766.687 0.060 


####################
Target T780: 800.000 	 Tolerance 0.08 ~ 64.000
Target T810: 0.062 	 Tolerance 0.04 ~ 0.002
Time start: Thu, 09 Mar 2017 17:44:42
Initial Transmission: T780 771.354 T810 0.061 

Do not need to lock 
Locking result: 1 
Finished at Thu, 09 Mar 2017 17:44:42
Locking duration 0 seconds
T780 and T810 after locking 771.354 0.061 


####################
