Target T780: 900.000 	 Tolerance 0.06 ~ 54.000
Target T810: 0.058 	 Tolerance 0.04 ~ 0.002
Time start: 21:49:40
Initial Transmission: T780 922.537 T810 0.056 

Do not need to lock 
Locking result: 1 
Finished at Wed, 15 Mar 2017 21:49:40
Locking duration 0 seconds
T780 and T810 after locking 922.537 0.056 


####################
Target T780: 900.000 	 Tolerance 0.06 ~ 54.000
Target T810: 0.058 	 Tolerance 0.04 ~ 0.002
Time start: 21:50:25
Initial Transmission: T780 901.250 T810 0.056 

Do not need to lock 
Locking result: 1 
Finished at Wed, 15 Mar 2017 21:50:25
Locking duration 0 seconds
T780 and T810 after locking 901.250 0.056 


####################
Target T780: 900.000 	 Tolerance 0.06 ~ 54.000
Target T810: 0.058 	 Tolerance 0.04 ~ 0.002
Time start: 21:54:51
Initial Transmission: T780 888.758 T810 0.057 

Do not need to lock 
Locking result: 1 
Finished at Wed, 15 Mar 2017 21:54:51
Locking duration 0 seconds
T780 and T810 after locking 888.758 0.057 


####################
Target T780: 900.000 	 Tolerance 0.06 ~ 54.000
Target T810: 0.058 	 Tolerance 0.04 ~ 0.002
Time start: 21:59:03
Initial Transmission: T780 899.753 T810 0.056 

Do not need to lock 
Locking result: 1 
Finished at Wed, 15 Mar 2017 21:59:03
Locking duration 0 seconds
T780 and T810 after locking 899.753 0.056 


####################
Target T780: 900.000 	 Tolerance 0.06 ~ 54.000
Target T810: 0.058 	 Tolerance 0.04 ~ 0.002
Time start: 22:03:17
Initial Transmission: T780 924.326 T810 0.056 

Do not need to lock 
Locking result: 1 
Finished at Wed, 15 Mar 2017 22:03:17
Locking duration 0 seconds
T780 and T810 after locking 924.326 0.056 


####################
Target T780: 900.000 	 Tolerance 0.06 ~ 54.000
Target T810: 0.058 	 Tolerance 0.04 ~ 0.002
Time start: 22:07:30
Initial Transmission: T780 908.165 T810 0.056 

Do not need to lock 
Locking result: 1 
Finished at Wed, 15 Mar 2017 22:07:30
Locking duration 0 seconds
T780 and T810 after locking 908.165 0.056 


####################
Target T780: 900.000 	 Tolerance 0.06 ~ 54.000
Target T810: 0.058 	 Tolerance 0.04 ~ 0.002
Time start: 22:08:16
Initial Transmission: T780 915.543 T810 0.057 

Do not need to lock 
Locking result: 1 
Finished at Wed, 15 Mar 2017 22:08:16
Locking duration 0 seconds
T780 and T810 after locking 915.543 0.057 


####################
