Target T780: 900.000 	 Tolerance 0.06 ~ 54.000
Target T810: 0.058 	 Tolerance 0.04 ~ 0.002
Time start: 23:29:54
Initial Transmission: T780 910.701 T810 0.056 

Do not need to lock 
Locking result: 1 
Finished at Wed, 15 Mar 2017 23:29:54
Locking duration 0 seconds
T780 and T810 after locking 910.701 0.056 


####################
Target T780: 900.000 	 Tolerance 0.06 ~ 54.000
Target T810: 0.058 	 Tolerance 0.04 ~ 0.002
Time start: 23:30:39
Initial Transmission: T780 908.579 T810 0.056 

Do not need to lock 
Locking result: 1 
Finished at Wed, 15 Mar 2017 23:30:39
Locking duration 0 seconds
T780 and T810 after locking 908.579 0.056 


####################
Target T780: 900.000 	 Tolerance 0.06 ~ 54.000
Target T810: 0.058 	 Tolerance 0.04 ~ 0.002
Time start: 23:34:52
Initial Transmission: T780 911.333 T810 0.056 

Do not need to lock 
Locking result: 1 
Finished at Wed, 15 Mar 2017 23:34:52
Locking duration 0 seconds
T780 and T810 after locking 911.333 0.056 


####################
Target T780: 900.000 	 Tolerance 0.06 ~ 54.000
Target T810: 0.058 	 Tolerance 0.04 ~ 0.002
Time start: 23:38:54
Initial Transmission: T780 920.734 T810 0.056 

Do not need to lock 
Locking result: 1 
Finished at Wed, 15 Mar 2017 23:38:54
Locking duration 0 seconds
T780 and T810 after locking 920.734 0.056 


####################
Target T780: 900.000 	 Tolerance 0.06 ~ 54.000
Target T810: 0.058 	 Tolerance 0.04 ~ 0.002
Time start: 23:42:58
Initial Transmission: T780 906.441 T810 0.056 

Do not need to lock 
Locking result: 1 
Finished at Wed, 15 Mar 2017 23:42:58
Locking duration 0 seconds
T780 and T810 after locking 906.441 0.056 


####################
Target T780: 900.000 	 Tolerance 0.06 ~ 54.000
Target T810: 0.058 	 Tolerance 0.04 ~ 0.002
Time start: 23:47:13
Initial Transmission: T780 903.917 T810 0.056 

Do not need to lock 
Locking result: 1 
Finished at Wed, 15 Mar 2017 23:47:13
Locking duration 0 seconds
T780 and T810 after locking 903.917 0.056 


####################
