Target T780: 711.000 	 Tolerance 0.03 ~ 21.33
Target T810: 0.025 	 Tolerance 0.03 ~ 0.00
T780 Lock 
7.380 -4.810 770.000
7.390 -4.810 725.700
Lock result: 1
T810 Lock
7.390 -4.810 0.020
7.420 -4.780 0.023
7.420 -4.760 0.026
Lock result: 1
T780 and T810 after locking 691.780 0.025
####################
Target T780: 711.000 	 Tolerance 0.05 ~ 35.55
Target T810: 0.025 	 Tolerance 0.03 ~ 0.00
T780 Lock 
7.380 -4.810 699.800
Lock result: 2
T810 Lock
7.380 -4.810 0.019
7.410 -4.780 0.023
7.430 -4.760 0.024
Lock result: 1
T780 Lock 
7.430 -4.760 553.800
7.400 -4.760 596.800
7.400 -4.780 664.400
7.390 -4.770 677.500
Lock result: 1
T810 Lock
7.390 -4.770 0.023
7.400 -4.760 0.024
Lock result: 1
T780 and T810 after locking 692.260 0.025
####################
Target T780: 711.000 	 Tolerance 0.05 ~ 35.55
Target T810: 0.025 	 Tolerance 0.03 ~ 0.00
T780 Lock 
7.280 -4.740 802.300
7.280 -4.730 777.300
7.270 -4.720 786.900
7.270 -4.710 743.600
Lock result: 1
T810 Lock
7.270 -4.710 0.029
7.240 -4.740 0.033
7.270 -4.770 0.029
7.240 -4.740 0.030
7.270 -4.770 0.029
7.240 -4.740 0.029
7.270 -4.770 0.029
7.300 -4.800 0.029
7.330 -4.800 0.027
7.350 -4.800 0.027
7.350 -4.810 0.027
7.360 -4.800 0.025
Lock result: 1
Target T780: 711.000 	 Tolerance 0.05 ~ 35.55
Target T810: 0.025 	 Tolerance 0.05 ~ 0.00
T780 Lock 
7.280 -4.740 776.900
7.280 -4.730 753.300
7.290 -4.720 767.700
7.300 -4.720 747.600
7.310 -4.730 678.400
Lock result: 1
T810 Lock
7.310 -4.730 0.033
7.280 -4.760 0.036
7.250 -4.790 0.033
7.280 -4.820 0.029
7.260 -4.800 0.026
7.270 -4.810 0.026
7.260 -4.800 0.026
Lock result: 1
T780 Lock 
7.260 -4.800 809.900
7.270 -4.810 770.700
7.280 -4.820 727.900
Lock result: 1
T810 Lock
7.280 -4.820 0.024
Lock result: 2
T780 and T810 after locking 680.120 0.024
####################
Target T780: 711.000 	 Tolerance 0.05 ~ 35.55
Target T810: 0.025 	 Tolerance 0.05 ~ 0.00
T780 Lock 
7.270 -4.740 568.600
7.300 -4.740 686.400
Lock result: 1
T810 Lock
7.300 -4.740 0.030
7.280 -4.760 0.033
7.280 -4.790 0.031
7.250 -4.760 0.029
7.260 -4.770 0.026
Lock result: 1
T780 Lock 
7.260 -4.770 566.200
7.290 -4.770 704.700
Lock result: 1
T810 Lock
7.290 -4.770 0.027
7.280 -4.780 0.028
7.290 -4.790 0.026
Lock result: 1
T780 Lock 
7.290 -4.790 782.300
7.280 -4.780 735.500
Lock result: 1
T810 Lock
7.280 -4.780 0.025
Lock result: 2
T780 and T810 after locking 713.400 0.025
####################
Target T780: 711.000 	 Tolerance 0.05 ~ 35.55
Target T810: 0.025 	 Tolerance 0.05 ~ 0.00
T780 Lock 
7.270 -4.740 539.800
7.300 -4.770 576.400
7.320 -4.750 660.500
7.330 -4.750 740.700
Lock result: 1
T810 Lock
7.330 -4.750 0.027
7.320 -4.760 0.029
7.340 -4.780 0.028
7.350 -4.790 0.027
7.360 -4.800 0.026
7.350 -4.800 0.027
7.350 -4.790 0.025
Lock result: 1
T780 Lock 
7.350 -4.790 848.600
7.370 -4.810 788.500
7.380 -4.810 717.100
Lock result: 1
T810 Lock
7.380 -4.810 0.024
Lock result: 2
T780 and T810 after locking 726.260 0.025
####################
Target T780: 711.000 	 Tolerance 0.05 ~ 35.55
Target T810: 0.025 	 Tolerance 0.05 ~ 0.00
T780 Lock 
7.340 -4.740 617.800
7.350 -4.740 639.600
7.360 -4.740 700.300
Lock result: 1
T810 Lock
7.360 -4.740 0.025
Lock result: 2
T780 and T810 after locking 684.560 0.026
####################
Target T780: 711.000 	 Tolerance 0.05 ~ 35.55
Target T810: 0.025 	 Tolerance 0.05 ~ 0.00
T780 Lock 
7.340 -4.740 595.400
7.360 -4.760 636.800
7.370 -4.770 675.800
Lock result: 1
T810 Lock
7.370 -4.770 0.023
7.380 -4.760 0.024
Lock result: 1
T780 Lock 
7.380 -4.760 741.800
Lock result: 2
T810 Lock
7.380 -4.760 0.024
Lock result: 2
T780 and T810 after locking 745.580 0.025
####################
Target T780: 711.000 	 Tolerance 0.05 ~ 35.55
Target T810: 0.025 	 Tolerance 0.05 ~ 0.00
T780 Lock 
7.340 -4.740 670.100
7.350 -4.750 448.700
7.380 -4.780 652.700
7.380 -4.790 701.100
Lock result: 1
T810 Lock
7.380 -4.790 0.022
7.390 -4.780 0.022
7.400 -4.770 0.023
7.410 -4.760 0.025
Lock result: 1
T780 Lock 
7.410 -4.760 818.400
7.390 -4.760 774.400
7.380 -4.770 720.600
Lock result: 1
T810 Lock
7.380 -4.770 0.023
7.390 -4.760 0.023
7.400 -4.760 0.025
Lock result: 1
T780 Lock 
7.400 -4.760 704.200
Lock result: 2
T810 Lock
7.400 -4.760 0.024
Lock result: 2
T780 and T810 after locking 727.580 0.024
####################
Target T780: 711.000 	 Tolerance 0.05 ~ 35.55
Target T810: 0.025 	 Tolerance 0.05 ~ 0.00
T780 Lock 
7.340 -4.740 695.100
Lock result: 2
T810 Lock
7.340 -4.740 0.023
7.350 -4.730 0.021
7.360 -4.730 0.022
7.370 -4.720 0.023
7.380 -4.710 0.024
Lock result: 1
T780 Lock 
7.380 -4.710 477.200
7.410 -4.740 642.000
7.410 -4.750 733.600
Lock result: 1
T810 Lock
7.410 -4.750 0.025
Lock result: 2
T780 and T810 after locking 721.560 0.024
####################
Target T780: 711.000 	 Tolerance 0.05 ~ 35.55
Target T810: 0.025 	 Tolerance 0.05 ~ 0.00
T780 Lock 
7.340 -4.740 672.400
7.350 -4.750 333.200
7.380 -4.780 438.400
7.410 -4.810 650.100
7.410 -4.800 708.800
Lock result: 1
T810 Lock
7.410 -4.800 0.020
7.440 -4.770 0.023
7.450 -4.770 0.024
Lock result: 1
T780 Lock 
7.450 -4.770 821.000
7.430 -4.750 813.200
7.420 -4.760 691.700
Lock result: 1
T810 Lock
7.420 -4.760 0.023
7.430 -4.750 0.024
Lock result: 1
T780 Lock 
7.430 -4.750 718.700
Lock result: 2
T810 Lock
7.430 -4.750 0.024
7.440 -4.740 0.026
Lock result: 1
T780 and T810 after locking 720.160 0.025
####################
Target T780: 711.000 	 Tolerance 0.05 ~ 35.55
Target T810: 0.025 	 Tolerance 0.05 ~ 0.00
T780 Lock 
7.340 -4.740 593.900
7.360 -4.720 325.500
7.390 -4.750 329.000
7.420 -4.780 509.200
7.450 -4.750 708.300
Lock result: 1
T810 Lock
7.450 -4.750 0.023
7.460 -4.740 0.024
Lock result: 1
T780 and T810 after locking 718.440 0.024
####################
Target T780: 711.000 	 Tolerance 0.05 ~ 35.55
Target T810: 0.025 	 Tolerance 0.05 ~ 0.00
T780 Lock 
7.340 -4.740 688.300
Lock result: 2
T810 Lock
7.340 -4.740 0.024
Lock result: 2
T780 Lock 
7.340 -4.740 662.600
7.350 -4.730 331.700
7.350 -4.760 302.900
7.380 -4.790 329.500
7.410 -4.820 443.300
7.440 -4.820 622.400
7.450 -4.810 704.300
Lock result: 1
T810 Lock
7.450 -4.810 0.019
7.480 -4.780 0.021
7.500 -4.760 0.023
7.510 -4.750 0.025
Lock result: 1
T780 Lock 
7.510 -4.750 824.400
7.490 -4.730 815.500
7.480 -4.730 771.000
7.480 -4.720 752.500
7.490 -4.710 765.200
7.480 -4.720 734.000
Lock result: 1
T810 Lock
7.480 -4.720 0.025
Lock result: 2
T780 and T810 after locking 711.780 0.025
####################
Target T780: 711.000 	 Tolerance 0.05 ~ 35.55
Target T810: 0.025 	 Tolerance 0.05 ~ 0.00
T780 Lock 
7.340 -4.740 653.300
7.350 -4.750 303.000
7.380 -4.780 330.400
7.410 -4.780 358.700
7.440 -4.810 471.000
7.470 -4.810 660.100
7.480 -4.820 743.100
Lock result: 1
T810 Lock
7.480 -4.820 0.019
7.510 -4.790 0.022
7.520 -4.780 0.022
7.530 -4.770 0.024
7.540 -4.760 0.025
Lock result: 1
T780 Lock 
7.540 -4.760 765.000
7.550 -4.770 737.500
Lock result: 1
T810 Lock
7.550 -4.770 0.024
Lock result: 2
T780 and T810 after locking 720.940 0.024
####################
Target T780: 711.000 	 Tolerance 0.05 ~ 35.55
Target T810: 0.025 	 Tolerance 0.05 ~ 0.00
Do need to lock 
Locking result: 1 
T780 and T810 after locking 698.540 0.024
####################
Target T780: 711.000 	 Tolerance 0.05 ~ 35.55
Target T810: 0.025 	 Tolerance 0.05 ~ 0.00
T780 Lock 
7.220 -4.740 803.900
7.210 -4.730 768.400
7.220 -4.720 722.100
Lock result: 1
T810 Lock
7.220 -4.720 0.032
7.190 -4.750 0.036
7.190 -4.780 0.031
7.220 -4.810 0.029
7.200 -4.790 0.028
7.210 -4.800 0.026
Lock result: 1
T780 Lock 
7.210 -4.800 778.300
7.220 -4.810 814.300
7.230 -4.820 748.300
7.230 -4.830 714.200
Lock result: 1
T810 Lock
7.230 -4.830 0.023
7.240 -4.820 0.024
Lock result: 1
T780 Lock 
7.240 -4.820 629.900
7.230 -4.810 683.000
Lock result: 1
T810 Lock
7.230 -4.810 0.025
Lock result: 2
T780 Lock 
7.230 -4.810 692.000
Lock result: 2
T810 Lock
7.230 -4.810 0.025
Lock result: 2
T780 and T810 after locking 723.460 0.025
####################
Target T780: 711.000 	 Tolerance 0.05 ~ 35.55
Target T810: 0.025 	 Tolerance 0.05 ~ 0.00
