6.710 -4.760 1195.100
6.700 -4.750 1202.500
6.710 -4.740 1103.100
Lock result: 1
####################
6.710 -4.740 1081.800
Lock result: 2
####################
6.710 -4.760 1191.400
6.700 -4.750 1315.300
6.680 -4.770 1227.300
6.680 -4.780 1199.000
6.670 -4.780 1186.500
6.680 -4.770 1137.700
Lock result: 1
####################
6.680 -4.770 1161.500
6.680 -4.760 1178.900
6.670 -4.770 1111.900
Lock result: 1
####################
6.380 -4.760 1368.300
6.360 -4.760 1362.900
6.340 -4.760 1523.400
6.350 -4.760 1632.400
Lock result: 1
####################
6.350 -4.760 0.037
Lock result: 2
####################
6.270 -4.760 470.600
6.240 -4.790 447.700
6.210 -4.790 681.700
6.180 -4.790 786.600
6.150 -4.760 1214.500
6.120 -4.790 1343.500
6.120 -4.760 1573.600
6.110 -4.760 1578.100
6.120 -4.770 1670.400
Lock result: 1
####################
6.120 -4.770 0.039
Lock result: 2
####################
6.270 -4.760 1610.300
6.260 -4.760 427.800
6.230 -4.790 442.900
6.200 -4.820 657.800
6.170 -4.790 817.600
6.140 -4.820 992.700
6.110 -4.820 1266.300
6.110 -4.790 1608.100
6.110 -4.780 1632.400
Lock result: 1
####################
6.110 -4.780 0.040
Lock result: 2
####################
6.270 -4.760 1594.700
6.260 -4.770 388.800
6.230 -4.800 354.000
6.200 -4.830 518.900
6.170 -4.800 740.000
6.140 -4.830 864.600
6.110 -4.800 1227.500
6.110 -4.830 1449.800
6.110 -4.840 1603.900
6.110 -4.830 1637.400
Lock result: 1
####################
6.110 -4.830 0.036
Lock result: 2
####################
6.270 -4.760 1656.500
Lock result: 2
####################
6.270 -4.760 0.036
6.260 -4.760 0.030
6.230 -4.760 0.027
6.200 -4.790 0.036
Lock result: 1
####################
6.200 -4.790 668.000
6.170 -4.820 691.900
6.140 -4.790 826.700
6.110 -4.790 1145.100
6.080 -4.790 1354.600
6.050 -4.790 1559.300
6.060 -4.790 1650.800
Lock result: 1
####################
6.060 -4.790 0.041
6.050 -4.800 0.042
6.040 -4.800 0.041
6.040 -4.790 0.040
Lock result: 1
####################
6.040 -4.790 1417.900
6.060 -4.810 1584.800
6.060 -4.800 1750.000
Lock result: 1
####################
6.060 -4.800 0.040
Lock result: 2
####################
