6.280 -4.970 1149.600
6.250 -4.940 1394.600
6.250 -4.910 1969.800
6.220 -4.910 2308.600
6.200 -4.930 2468.900
6.220 -4.910 2395.100
Lock result: 1
####################6.220 -4.910 2414.100
6.250 -4.910 2191.400
6.270 -4.890 1910.000
6.290 -4.870 1902.200
6.290 -4.850 1750.100
6.270 -4.870 1845.100
6.270 -4.870 2050.400
6.270 -4.890 1892.000
6.250 -4.910 1832.000
6.230 -4.930 1960.000
6.230 -4.930 2159.400
6.230 -4.930 2062.100
6.230 -4.930 2085.200
6.230 -4.930 2085.000
6.210 -4.950 2042.900
6.210 -4.950 2058.100
6.210 -4.950 2025.300
6.210 -4.950 2043.900
6.210 -4.950 1979.000
6.200 -4.960 2133.500
6.180 -4.980 2015.400
6.190 -4.970 1988.400
Lock result: 1
####################6.190 -4.970 1826.800
6.190 -4.950 1928.300
6.170 -4.970 2023.700
6.180 -4.960 1937.100
6.200 -4.940 1989.600
6.190 -4.950 1982.100
6.200 -4.940 1988.500
6.210 -4.930 1968.700
6.200 -4.940 1930.100
6.180 -4.960 2014.100
6.170 -4.960 2012.400
6.170 -4.950 2057.800
6.170 -4.930 2085.400
6.170 -4.910 2202.500
6.150 -4.910 1988.800
6.160 -4.910 1857.000
6.180 -4.890 2140.500
6.180 -4.870 2371.600
6.150 -4.870 2216.700
6.170 -4.870 1892.600
6.150 -4.870 1975.300
6.160 -4.870 1770.800
Lock result: 1
####################6.160 -4.870 1779.000
6.180 -4.890 2138.800
6.160 -4.910 2193.400
6.180 -4.890 2231.400
6.180 -4.870 2212.600
6.160 -4.870 2121.500
6.180 -4.850 2071.400
6.180 -4.840 2134.100
6.180 -4.860 2205.300
6.160 -4.860 2196.200
6.180 -4.840 2051.100
6.180 -4.850 2228.500
6.160 -4.850 2100.200
6.180 -4.870 2126.600
6.160 -4.870 2118.800
6.180 -4.850 2102.500
6.160 -4.850 2184.800
6.180 -4.870 2127.700
6.160 -4.870 2214.000
6.180 -4.850 2111.700
6.160 -4.850 2240.400
6.180 -4.830 2033.400
Lock result: 1
####################6.180 -4.830 2359.800
6.180 -4.810 2406.400
6.160 -4.830 2304.800
6.180 -4.810 2265.200
6.160 -4.830 2188.900
6.180 -4.810 2151.600
6.160 -4.810 2190.000
6.180 -4.790 2073.100
6.170 -4.790 2115.800
6.190 -4.770 2175.300
6.170 -4.790 2150.200
6.190 -4.770 2120.900
6.170 -4.770 2145.100
6.190 -4.750 2032.600
6.190 -4.760 2122.400
6.170 -4.760 2013.400
Lock result: 1
####################
6.170 -4.760 1705.000
6.180 -4.760 1893.300
6.180 -4.770 1994.400
Lock result: 1
####################
6.180 -4.770 2094.900
6.170 -4.770 2109.500
6.180 -4.760 2010.900
Lock result: 1
####################
6.180 -4.760 2132.700
6.180 -4.750 2225.000
6.170 -4.760 2142.200
6.180 -4.750 2027.700
Lock result: 1
####################
6.180 -4.760 2617.700
6.160 -4.740 2504.600
6.140 -4.760 2193.700
6.150 -4.750 2123.000
6.140 -4.760 2138.900
6.140 -4.770 2134.900
6.130 -4.780 2144.700
6.140 -4.770 2002.100
Lock result: 1
####################
6.180 -4.760 2593.200
6.160 -4.740 2411.400
6.140 -4.740 2216.400
6.150 -4.750 2043.200
Lock result: 1
####################
6.180 -4.760 2573.600
6.160 -4.740 2483.600
6.140 -4.740 2243.000
6.150 -4.740 2002.200
Lock result: 1
####################
6.180 -4.760 2556.600
6.160 -4.740 2418.500
6.140 -4.740 2235.300
6.150 -4.730 2062.600
6.140 -4.740 2047.300
Lock result: 1
####################
6.140 -4.740 1899.800
6.140 -4.750 1983.600
Lock result: 1
####################
6.140 -4.750 2111.500
6.130 -4.750 2099.100
6.130 -4.760 1976.700
Lock result: 1
####################
6.130 -4.760 2298.200
6.120 -4.770 2309.400
6.130 -4.760 2231.600
Lock result: 1
####################
6.130 -4.760 2280.600
6.110 -4.740 2176.700
6.110 -4.760 1876.500
6.100 -4.760 1743.200
6.110 -4.760 1851.800
Lock result: 1
####################
6.110 -4.760 1968.000
6.120 -4.760 2141.100
6.130 -4.760 2287.700
Lock result: 1
####################
6.130 -4.760 2450.300
6.130 -4.750 2452.000
6.130 -4.740 2368.100
Lock result: 1
####################
6.130 -4.740 1759.500
6.120 -4.730 1791.900
6.110 -4.730 1936.100
6.100 -4.720 2155.900
6.100 -4.710 2309.400
Lock result: 1
####################
6.100 -4.710 2214.600
Lock result: 1
####################
6.100 -4.710 1992.100
6.090 -4.700 2172.100
6.080 -4.690 2291.600
Lock result: 1
####################
6.080 -4.690 2210.200
Lock result: 1
####################
6.080 -4.690 2253.400
Lock result: 1
####################
6.080 -4.690 2128.000
6.070 -4.700 2124.400
6.060 -4.710 2267.400
Lock result: 1
####################
T780 Lock 
7.420 -4.810 1813.400
7.410 -4.810 1820.200
7.420 -4.800 1745.600
Lock result: 1
####################
T810 Lock7.420 -4.800 0.035
7.430 -4.790 0.037
Lock result: 1
####################
T780 Lock 
7.420 -4.810 1761.800
Lock result: 2
####################
T810 Lock7.420 -4.810 0.037
Lock result: 2
####################
T780 Lock 
7.420 -4.810 1803.400
7.410 -4.800 1706.000
Lock result: 1
####################
T810 Lock7.410 -4.800 0.034
7.420 -4.790 0.035
7.430 -4.780 0.037
Lock result: 1
####################
T780 Lock 
7.430 -4.780 1639.600
Lock result: 2
####################
T810 Lock7.430 -4.780 0.036
Lock result: 2
####################
Target T780: 1700.000000 	 Tolerance 0.050000 ~ 85.000000
Target T810: 0.038000 	 Tolerance 0.050000 ~ 0.001900
Target T780: 1700.000000 	 Tolerance 0.050000 ~ 85.000000
Target T810: 0.038000 	 Tolerance 0.050000 ~ 0.001900
T780 Lock 
7.430 -4.780 1535.700
7.440 -4.790 1703.800
Lock result: 1
####################
T810 Lock7.440 -4.790 0.035
7.450 -4.780 0.037
Lock result: 1
####################
Target T780: 1700.000000 	 Tolerance 0.050000 ~ 85.000000
Target T810: 0.038000 	 Tolerance 0.050000 ~ 0.001900
T780 Lock 
7.450 -4.780 1549.300
7.460 -4.780 1712.400
Lock result: 1
####################
T810 Lock7.460 -4.780 0.031
7.480 -4.760 0.035
7.490 -4.750 0.036
7.500 -4.740 0.038
Lock result: 1
T780 Lock 
7.500 -4.740 1830.500
7.510 -4.730 1772.600
Lock result: 1
####################
T810 Lock7.510 -4.730 0.040
7.500 -4.740 0.041
7.510 -4.740 0.039
Lock result: 1
T780 Lock 
7.510 -4.740 1873.500
7.500 -4.730 1712.000
Lock result: 1
####################
T810 Lock7.500 -4.730 0.039
Lock result: 2
T780 and T810 after locking 1685.260 0.038####################
Target T780: 1700.000000 	 Tolerance 0.050000 ~ 85.000000
Target T810: 0.038000 	 Tolerance 0.050000 ~ 0.001900
Do need to lock 
Locking result: 1 
T780 and T810 after locking 1625.040 0.036 
####################
Target T780: 1700.000 	 Tolerance 0.05 ~ 85.00
Target T810: 0.038 	 Tolerance 0.05 ~ 0.00
T780 Lock 
7.500 -4.730 1548.900
7.510 -4.730 1603.100
7.520 -4.740 1709.800
Lock result: 1
T810 Lock7.520 -4.740 0.037
Lock result: 2
T780 and T810 after locking 1774.240 0.037
####################
Target T780: 1700.000 	 Tolerance 0.05 ~ 85.00
Target T810: 0.038 	 Tolerance 0.05 ~ 0.00
T780 Lock 
7.520 -4.740 1311.100
7.550 -4.740 1484.400
7.560 -4.740 1668.400
Lock result: 1
T810 Lock
7.560 -4.740 0.033
7.570 -4.730 0.034
7.580 -4.720 0.037
Lock result: 1
T780 and T810 after locking 1675.060 0.036
####################
Target T780: 1700.000 	 Tolerance 0.05 ~ 85.00
Target T810: 0.038 	 Tolerance 0.05 ~ 0.00
T780 Lock 
7.580 -4.720 1712.100
Lock result: 2
T810 Lock
7.580 -4.720 0.035
7.590 -4.720 0.035
7.600 -4.720 0.037
Lock result: 1
T780 Lock 
7.600 -4.720 1832.500
7.590 -4.710 1812.100
7.580 -4.720 1686.900
Lock result: 1
T810 Lock
7.580 -4.720 0.034
7.590 -4.710 0.035
7.600 -4.710 0.037
Lock result: 1
T780 and T810 after locking 1713.080 0.037
####################
Target T780: 1700.000 	 Tolerance 0.05 ~ 85.00
Target T810: 0.038 	 Tolerance 0.05 ~ 0.00
T780 Lock 
7.600 -4.710 1671.400
Lock result: 2
T810 Lock
7.600 -4.710 0.036
7.610 -4.710 0.038
Lock result: 1
T780 and T810 after locking 1750.620 0.037
####################
Target T780: 711.000 	 Tolerance 0.05 ~ 35.55
Target T810: 0.025 	 Tolerance 0.05 ~ 0.00
T780 Lock 
7.600 -4.770 628.600
7.610 -4.770 695.100
Lock result: 1
T810 Lock
7.610 -4.770 0.022
7.620 -4.760 0.022
7.630 -4.750 0.024
Lock result: 1
T780 Lock 
7.630 -4.750 782.700
7.620 -4.750 738.200
Lock result: 1
T810 Lock
7.620 -4.750 0.023
7.630 -4.740 0.025
Lock result: 1
T780 Lock 
7.630 -4.740 777.500
7.630 -4.730 757.200
7.620 -4.740 782.600
7.620 -4.750 759.300
7.620 -4.740 761.400
7.610 -4.750 734.600
Lock result: 1
T810 Lock
7.610 -4.750 0.023
7.620 -4.740 0.023
7.630 -4.730 0.025
Lock result: 1
T780 Lock 
7.630 -4.730 782.900
7.620 -4.720 761.800
7.620 -4.730 718.900
Lock result: 1
T810 Lock
7.620 -4.730 0.025
Lock result: 2
T780 and T810 after locking 736.820 0.024
####################
Target T780: 711.000 	 Tolerance 0.05 ~ 35.55
Target T810: 0.025 	 Tolerance 0.05 ~ 0.00
T780 Lock 
7.600 -4.770 804.300
7.590 -4.760 790.200
7.590 -4.750 749.400
7.600 -4.740 720.600
Lock result: 1
T810 Lock
7.600 -4.740 0.023
7.610 -4.740 0.025
Lock result: 1
T780 Lock 
7.610 -4.740 828.800
7.590 -4.740 766.600
7.590 -4.750 745.500
Lock result: 1
T810 Lock
7.590 -4.750 0.023
7.600 -4.740 0.024
Lock result: 1
T780 Lock 
7.600 -4.740 808.900
7.590 -4.740 769.200
7.580 -4.750 775.000
7.580 -4.760 738.100
Lock result: 1
T810 Lock
7.580 -4.760 0.022
7.590 -4.750 0.023
7.600 -4.740 0.024
Lock result: 1
T780 Lock 
7.600 -4.740 846.100
7.580 -4.740 818.300
7.580 -4.760 786.600
7.570 -4.760 752.800
7.570 -4.770 720.100
Lock result: 1
T810 Lock
7.570 -4.770 0.021
7.580 -4.760 0.023
7.590 -4.750 0.023
7.600 -4.740 0.025
Lock result: 1
T780 Lock 
7.600 -4.740 903.900
7.570 -4.740 816.800
7.570 -4.730 739.500
Lock result: 1
T810 Lock
7.570 -4.730 0.024
7.580 -4.720 0.025
Lock result: 1
T780 Lock 
7.580 -4.720 748.400
7.570 -4.710 750.400
7.580 -4.700 720.800
Lock result: 1
T810 Lock
7.580 -4.700 0.026
7.570 -4.710 0.029
7.560 -4.710 0.027
7.560 -4.700 0.026
Lock result: 1
T780 Lock 
7.560 -4.700 648.000
7.570 -4.710 671.400
7.560 -4.710 701.500
Lock result: 1
T810 Lock
7.560 -4.710 0.026
Lock result: 2
T780 Lock 
7.560 -4.710 680.300
Lock result: 2
T810 Lock
7.560 -4.710 0.025
Lock result: 2
T780 and T810 after locking 681.140 0.025
####################
Target T780: 711.000 	 Tolerance 0.05 ~ 35.55
Target T810: 0.025 	 Tolerance 0.05 ~ 0.00
T780 Lock 
7.600 -4.770 823.700
7.620 -4.790 750.700
7.610 -4.800 635.100
7.600 -4.790 692.800
Lock result: 1
T810 Lock
7.600 -4.790 0.024
Lock result: 2
T780 Lock 
7.600 -4.790 756.700
7.600 -4.800 723.300
Lock result: 1
T810 Lock
7.600 -4.800 0.025
Lock result: 2
T780 and T810 after locking 739.620 0.024
####################
Target T780: 711.000 	 Tolerance 0.05 ~ 35.55
Target T810: 0.025 	 Tolerance 0.05 ~ 0.00
T780 Lock 
7.600 -4.770 633.900
7.610 -4.760 683.600
Lock result: 1
T810 Lock
7.610 -4.760 0.027
7.620 -4.770 0.029
7.640 -4.790 0.028
7.650 -4.790 0.024
Lock result: 1
T780 Lock 
7.650 -4.790 384.900
7.620 -4.760 470.400
7.590 -4.760 572.300
7.590 -4.780 714.700
Lock result: 1
T810 Lock
7.590 -4.780 0.026
7.600 -4.790 0.028
7.590 -4.790 0.026
7.600 -4.790 0.026
Lock result: 1
T780 Lock 
7.600 -4.790 552.000
7.570 -4.790 537.800
7.570 -4.760 676.100
Lock result: 1
T810 Lock
7.570 -4.760 0.028
7.560 -4.770 0.028
7.560 -4.780 0.028
7.560 -4.790 0.027
7.570 -4.790 0.026
Lock result: 1
T780 Lock 
7.570 -4.790 676.300
Lock result: 2
T810 Lock
7.570 -4.790 0.025
Lock result: 2
T780 Lock 
7.570 -4.790 651.800
7.570 -4.780 628.900
7.570 -4.770 655.100
7.560 -4.780 691.500
Lock result: 1
T810 Lock
7.560 -4.780 0.026
Lock result: 2
T780 and T810 after locking 695.860 0.026
####################
Target T780: 711.000 	 Tolerance 0.05 ~ 35.55
Target T810: 0.025 	 Tolerance 0.05 ~ 0.00
T780 Lock 
7.600 -4.770 675.900
Lock result: 2
T810 Lock
7.600 -4.770 0.026
Lock result: 2
T780 Lock 
7.600 -4.770 628.000
7.590 -4.760 494.300
7.560 -4.730 618.800
7.560 -4.720 705.600
Lock result: 1
T810 Lock
7.560 -4.720 0.032
7.590 -4.750 0.033
7.620 -4.780 0.030
7.640 -4.760 0.025
Lock result: 1
T780 Lock 
7.640 -4.760 276.200
7.610 -4.730 310.000
7.580 -4.700 451.400
7.550 -4.700 535.400
7.550 -4.670 651.200
7.550 -4.680 714.700
Lock result: 1
T810 Lock
7.550 -4.680 0.038
7.580 -4.710 0.037
7.610 -4.740 0.033
7.640 -4.770 0.027
7.640 -4.760 0.027
7.650 -4.760 0.027
7.660 -4.760 0.025
Lock result: 1
T780 Lock 
7.660 -4.760 209.300
7.630 -4.730 210.300
7.600 -4.700 307.200
7.570 -4.670 382.000
7.540 -4.670 512.800
7.510 -4.640 597.900
7.490 -4.640 674.100
7.480 -4.650 706.300
Lock result: 1
T810 Lock
7.480 -4.650 0.038
7.450 -4.680 0.041
7.420 -4.710 0.038
7.390 -4.740 0.033
7.390 -4.710 0.028
7.380 -4.710 0.027
7.390 -4.720 0.026
7.390 -4.730 0.026
7.380 -4.720 0.026
7.380 -4.710 0.026
Lock result: 1
T780 Lock 
7.380 -4.710 564.200
7.410 -4.710 709.900
Lock result: 1
T810 Lock
7.410 -4.710 0.028
7.400 -4.720 0.030
7.400 -4.750 0.032
7.430 -4.780 0.030
7.410 -4.760 0.028
7.410 -4.770 0.028
7.400 -4.770 0.027
7.410 -4.770 0.026
Lock result: 1
T780 Lock 
7.410 -4.770 924.000
7.380 -4.740 865.700
7.350 -4.770 758.100
7.360 -4.780 692.000
Lock result: 1
T810 Lock
7.360 -4.780 0.023
7.370 -4.770 0.023
7.380 -4.760 0.025
Lock result: 1
T780 Lock 
7.380 -4.760 816.400
7.370 -4.750 812.500
7.360 -4.750 739.600
Lock result: 1
T810 Lock
7.360 -4.750 0.025
Lock result: 2
T780 and T810 after locking 696.020 0.025
####################
Target T780: 711.000 	 Tolerance 0.05 ~ 35.55
Target T810: 0.025 	 Tolerance 0.05 ~ 0.00
T780 Lock 
7.600 -4.770 838.400
7.580 -4.790 152.100
7.550 -4.760 180.900
7.520 -4.730 230.200
7.490 -4.700 299.500
7.460 -4.670 387.200
7.430 -4.700 510.500
7.400 -4.670 607.800
7.400 -4.660 700.400
Lock result: 1
T810 Lock
7.400 -4.660 0.039
7.430 -4.690 0.040
7.460 -4.720 0.036
7.490 -4.750 0.031
7.520 -4.780 0.027
7.520 -4.790 0.025
Lock result: 1
T780 Lock 
7.520 -4.790 199.900
7.490 -4.760 218.300
7.460 -4.730 295.200
7.430 -4.700 397.300
7.400 -4.670 517.400
7.370 -4.670 622.700
7.380 -4.680 670.600
7.370 -4.680 661.400
7.360 -4.670 680.200
Lock result: 1
T810 Lock
7.360 -4.670 0.040
7.330 -4.700 0.041
7.300 -4.730 0.040
7.270 -4.760 0.035
7.240 -4.730 0.031
7.240 -4.700 0.029
7.220 -4.680 0.029
7.220 -4.670 0.026
7.220 -4.680 0.025
Lock result: 1
T780 Lock 
7.220 -4.680 323.600
7.250 -4.710 453.800
7.280 -4.710 634.600
7.280 -4.720 758.800
7.270 -4.730 748.300
7.260 -4.740 724.600
Lock result: 1
T810 Lock
7.260 -4.740 0.028
7.250 -4.750 0.030
7.230 -4.770 0.030
7.250 -4.790 0.027
7.260 -4.800 0.026
Lock result: 1
T780 Lock 
7.260 -4.800 883.200
7.230 -4.800 809.100
7.220 -4.810 769.700
7.220 -4.820 759.000
7.210 -4.830 772.900
7.200 -4.840 724.200
Lock result: 1
T810 Lock
7.200 -4.840 0.020
7.220 -4.820 0.022
7.230 -4.810 0.024
7.240 -4.800 0.025
Lock result: 1
T780 Lock 
7.240 -4.800 848.200
7.220 -4.780 835.400
7.220 -4.760 725.000
Lock result: 1
T810 Lock
7.220 -4.760 0.027
7.210 -4.770 0.027
7.200 -4.760 0.027
7.190 -4.750 0.026
7.200 -4.760 0.026
Lock result: 1
T780 Lock 
7.200 -4.760 628.200
7.210 -4.760 703.500
Lock result: 1
T810 Lock
7.210 -4.760 0.026
Lock result: 2
T780 and T810 after locking 715.620 0.026
####################
Target T780: 711.000 	 Tolerance 0.05 ~ 35.55
Target T810: 0.025 	 Tolerance 0.05 ~ 0.00
Target T780: 711.000 	 Tolerance 0.05 ~ 35.55
Target T810: 0.025 	 Tolerance 0.05 ~ 0.00
T780 Lock 
7.090 -4.770 686.900
Lock result: 2
T810 Lock
7.090 -4.770 0.037
7.060 -4.800 0.040
7.030 -4.830 0.037
7.030 -4.860 0.031
7.000 -4.830 0.030
6.970 -4.800 0.030
6.990 -4.820 0.026
Lock result: 1
T780 Lock 
6.990 -4.820 486.600
7.020 -4.850 615.600
7.020 -4.840 722.500
Lock result: 1
T810 Lock
7.020 -4.840 0.026
Lock result: 2
T780 Lock 
7.020 -4.840 709.600
Lock result: 2
T810 Lock
7.020 -4.840 0.027
7.010 -4.850 0.028
7.020 -4.860 0.027
7.010 -4.860 0.026
Lock result: 1
T780 and T810 after locking 706.500 0.025
####################
Target T780: 711.000 	 Tolerance 0.05 ~ 35.55
Target T810: 0.025 	 Tolerance 0.05 ~ 0.00
T780 Lock 
7.090 -4.770 707.900
Lock result: 2
T810 Lock
7.090 -4.770 0.023
7.080 -4.780 0.037
7.050 -4.810 0.038
7.020 -4.840 0.034
7.050 -4.870 0.030
7.070 -4.870 0.027
7.070 -4.880 0.026
Lock result: 1
T780 Lock 
7.070 -4.880 815.800
7.080 -4.890 816.500
7.080 -4.900 764.700
7.090 -4.910 743.300
Lock result: 1
T810 Lock
7.090 -4.910 0.023
7.100 -4.900 0.024
Lock result: 1
T780 Lock 
7.100 -4.900 635.100
7.090 -4.900 664.900
7.090 -4.890 707.000
Lock result: 1
T810 Lock
7.090 -4.890 0.025
Lock result: 2
T780 and T810 after locking 742.100 0.025
####################
Target T780: 711.000 	 Tolerance 0.05 ~ 35.55
Target T810: 0.025 	 Tolerance 0.05 ~ 0.00
Do need to lock 
Locking result: 1 
T780 and T810 after locking 740.800 0.024
####################
Target T780: 711.000 	 Tolerance 0.05 ~ 35.55
Target T810: 0.025 	 Tolerance 0.05 ~ 0.00
T780 Lock 
7.090 -4.770 747.400
7.080 -4.770 757.900
7.080 -4.760 682.300
Lock result: 1
T810 Lock
7.080 -4.760 0.033
7.050 -4.790 0.038
7.020 -4.820 0.033
7.050 -4.850 0.029
7.070 -4.870 0.028
7.070 -4.860 0.026
Lock result: 1
T780 Lock 
7.070 -4.860 848.800
7.050 -4.840 856.900
7.050 -4.810 769.500
7.040 -4.820 688.500
Lock result: 1
T810 Lock
7.040 -4.820 0.026
Lock result: 2
T780 and T810 after locking 679.560 0.026
####################
Target T780: 711.000 	 Tolerance 0.05 ~ 35.55
Target T810: 0.025 	 Tolerance 0.05 ~ 0.00
T780 Lock 
7.090 -4.770 709.400
Lock result: 2
T810 Lock
7.090 -4.770 0.032
7.060 -4.800 0.037
7.030 -4.800 0.031
7.030 -4.770 0.028
7.020 -4.770 0.027
7.030 -4.780 0.026
Lock result: 1
T780 Lock 
7.030 -4.780 400.000
7.060 -4.810 549.200
7.060 -4.840 738.300
Lock result: 1
T810 Lock
7.060 -4.840 0.025
Lock result: 2
T780 and T810 after locking 702.320 0.024
####################
Target T780: 711.000 	 Tolerance 0.05 ~ 35.55
Target T810: 0.025 	 Tolerance 0.05 ~ 0.00
T780 Lock 
7.090 -4.770 621.200
7.100 -4.780 633.700
7.100 -4.790 717.700
Lock result: 1
T810 Lock
7.100 -4.790 0.028
7.090 -4.800 0.029
7.090 -4.820 0.029
7.110 -4.840 0.027
7.100 -4.840 0.027
7.100 -4.830 0.026
Lock result: 1
T780 Lock 
7.100 -4.830 785.900
7.090 -4.820 736.400
Lock result: 1
T810 Lock
7.090 -4.820 0.025
Lock result: 2
T780 and T810 after locking 687.880 0.025
####################
Target T780: 711.000 	 Tolerance 0.05 ~ 35.55
Target T810: 0.025 	 Tolerance 0.05 ~ 0.00
T780 Lock 
7.090 -4.770 616.000
7.100 -4.770 526.600
7.130 -4.770 666.200
7.140 -4.760 714.100
Lock result: 1
T810 Lock
7.140 -4.760 0.030
7.110 -4.790 0.035
7.080 -4.790 0.030
7.080 -4.760 0.027
7.080 -4.750 0.026
Lock result: 1
T780 Lock 
7.080 -4.750 343.900
7.110 -4.780 501.600
7.140 -4.780 719.600
Lock result: 1
T810 Lock
7.140 -4.780 0.029
7.120 -4.800 0.032
7.090 -4.770 0.029
7.090 -4.750 0.027
7.080 -4.740 0.026
7.090 -4.740 0.026
Lock result: 1
T780 Lock 
7.090 -4.740 370.100
7.120 -4.770 473.800
7.150 -4.770 692.000
Lock result: 1
T810 Lock
7.150 -4.770 0.030
7.130 -4.790 0.033
7.100 -4.760 0.031
7.100 -4.790 0.029
7.100 -4.770 0.026
Lock result: 1
T780 Lock 
7.100 -4.770 467.900
7.130 -4.800 575.000
7.130 -4.820 725.700
Lock result: 1
T810 Lock
7.130 -4.820 0.025
Lock result: 2
T780 and T810 after locking 724.640 0.025
####################
Target T780: 711.000 	 Tolerance 0.05 ~ 35.55
Target T810: 0.025 	 Tolerance 0.05 ~ 0.00
T780 Lock 
7.090 -4.770 601.600
7.110 -4.790 362.700
7.140 -4.820 572.900
7.160 -4.820 757.400
7.150 -4.810 787.300
7.150 -4.800 711.000
Lock result: 1
T810 Lock
7.150 -4.800 0.024
Lock result: 2
T780 and T810 after locking 685.280 0.025
####################
Target T780: 711.000 	 Tolerance 0.05 ~ 35.55
Target T810: 0.025 	 Tolerance 0.05 ~ 0.00
T780 Lock 
7.090 -4.770 494.300
7.120 -4.800 322.600
7.150 -4.830 465.800
7.180 -4.830 698.100
Lock result: 1
T810 Lock
7.180 -4.830 0.024
7.190 -4.820 0.025
Lock result: 1
T780 Lock 
7.190 -4.820 793.200
7.180 -4.820 781.900
7.170 -4.820 707.700
Lock result: 1
T810 Lock
7.170 -4.820 0.024
7.180 -4.810 0.024
Lock result: 1
T780 Lock 
7.180 -4.810 668.200
7.190 -4.800 722.400
Lock result: 1
T810 Lock
7.190 -4.800 0.025
Lock result: 2
T780 and T810 after locking 745.060 0.026
####################
Target T780: 711.000 	 Tolerance 0.05 ~ 35.55
Target T810: 0.025 	 Tolerance 0.05 ~ 0.00
T780 Lock 
7.090 -4.770 666.800
7.100 -4.770 329.100
7.100 -4.800 341.900
7.100 -4.830 365.100
7.130 -4.860 345.800
7.160 -4.860 455.900
7.190 -4.860 703.800
Lock result: 1
T810 Lock
7.190 -4.860 0.020
7.220 -4.830 0.023
7.230 -4.820 0.024
Lock result: 1
T780 Lock 
7.230 -4.820 899.300
7.200 -4.820 792.300
7.200 -4.830 728.900
Lock result: 1
T810 Lock
7.200 -4.830 0.021
7.210 -4.820 0.023
7.220 -4.810 0.024
Lock result: 1
T780 Lock 
7.220 -4.810 760.700
7.210 -4.810 763.000
7.220 -4.800 745.500
Lock result: 1
T810 Lock
7.220 -4.800 0.024
Lock result: 2
T780 and T810 after locking 721.820 0.024
####################
Target T780: 711.000 	 Tolerance 0.05 ~ 35.55
Target T810: 0.025 	 Tolerance 0.05 ~ 0.00
T780 Lock 
7.090 -4.770 655.400
7.100 -4.780 283.600
7.130 -4.810 340.700
7.160 -4.840 356.500
7.190 -4.870 497.300
7.220 -4.840 667.700
7.220 -4.830 709.000
Lock result: 1
T810 Lock
7.220 -4.830 0.020
7.240 -4.810 0.023
7.250 -4.800 0.024
7.260 -4.790 0.025
Lock result: 1
T780 Lock 
7.260 -4.790 791.700
7.250 -4.790 803.700
7.240 -4.790 800.600
7.240 -4.780 718.200
Lock result: 1
T810 Lock
7.240 -4.780 0.024
Lock result: 2
T780 Lock 
7.240 -4.780 684.100
Lock result: 2
T810 Lock
7.240 -4.780 0.024
Lock result: 2
T780 and T810 after locking 690.020 0.024
####################
Target T780: 711.000 	 Tolerance 0.05 ~ 35.55
Target T810: 0.025 	 Tolerance 0.05 ~ 0.00
T780 Lock 
7.090 -4.770 518.700
7.120 -4.800 271.600
7.150 -4.830 308.200
7.180 -4.830 329.000
7.210 -4.860 412.300
7.240 -4.860 624.600
7.250 -4.860 665.100
7.260 -4.850 703.600
Lock result: 1
T810 Lock
7.260 -4.850 0.019
7.290 -4.820 0.022
7.300 -4.810 0.024
7.310 -4.800 0.024
Lock result: 1
T780 Lock 
7.310 -4.800 830.000
7.290 -4.780 806.700
7.280 -4.790 788.800
7.280 -4.780 772.500
7.290 -4.770 752.000
7.280 -4.780 768.000
7.280 -4.790 717.600
Lock result: 1
T810 Lock
7.280 -4.790 0.023
7.290 -4.780 0.024
Lock result: 1
T780 and T810 after locking 739.900 0.025
####################
Target T780: 711.000 	 Tolerance 0.05 ~ 35.55
Target T810: 0.025 	 Tolerance 0.05 ~ 0.00
T780 Lock 
7.090 -4.770 628.900
7.100 -4.780 212.600
7.130 -4.810 247.200
7.160 -4.840 272.300
7.190 -4.840 324.800
7.190 -4.870 328.000
7.220 -4.840 355.000
7.250 -4.870 442.800
7.280 -4.900 658.600
7.290 -4.900 697.500
Lock result: 1
T810 Lock
7.290 -4.900 0.015
7.320 -4.870 0.017
7.350 -4.840 0.021
7.370 -4.820 0.023
7.380 -4.810 0.025
Lock result: 1
T780 and T810 after locking 727.860 0.024
####################
