Target T780: 900.000 	 Tolerance 0.06 ~ 54.000
Target T810: 0.058 	 Tolerance 0.04 ~ 0.002
Time start: 01:11:29
Initial Transmission: T780 871.543 T810 0.056 

Do not need to lock 
Locking result: 1 
Finished at Thu, 16 Mar 2017 01:11:29
Locking duration 0 seconds
T780 and T810 after locking 871.543 0.056 


####################
Target T780: 900.000 	 Tolerance 0.06 ~ 54.000
Target T810: 0.058 	 Tolerance 0.04 ~ 0.002
Time start: 01:12:16
Initial Transmission: T780 903.278 T810 0.056 

Do not need to lock 
Locking result: 1 
Finished at Thu, 16 Mar 2017 01:12:16
Locking duration 0 seconds
T780 and T810 after locking 903.278 0.056 


####################
Target T780: 900.000 	 Tolerance 0.06 ~ 54.000
Target T810: 0.058 	 Tolerance 0.04 ~ 0.002
Time start: 01:13:02
Initial Transmission: T780 938.367 T810 0.056 

Do not need to lock 
Locking result: 1 
Finished at Thu, 16 Mar 2017 01:13:02
Locking duration 0 seconds
T780 and T810 after locking 938.367 0.056 


####################
Target T780: 900.000 	 Tolerance 0.06 ~ 54.000
Target T810: 0.058 	 Tolerance 0.04 ~ 0.002
Time start: 01:17:27
Initial Transmission: T780 899.573 T810 0.056 

Do not need to lock 
Locking result: 1 
Finished at Thu, 16 Mar 2017 01:17:27
Locking duration 0 seconds
T780 and T810 after locking 899.573 0.056 


####################
Target T780: 900.000 	 Tolerance 0.06 ~ 54.000
Target T810: 0.058 	 Tolerance 0.04 ~ 0.002
Time start: 01:21:59
Initial Transmission: T780 902.316 T810 0.056 

Do not need to lock 
Locking result: 1 
Finished at Thu, 16 Mar 2017 01:21:59
Locking duration 0 seconds
T780 and T810 after locking 902.316 0.056 


####################
Target T780: 900.000 	 Tolerance 0.06 ~ 54.000
Target T810: 0.058 	 Tolerance 0.04 ~ 0.002
Time start: 01:25:55
Initial Transmission: T780 905.625 T810 0.056 

Do not need to lock 
Locking result: 1 
Finished at Thu, 16 Mar 2017 01:25:55
Locking duration 0 seconds
T780 and T810 after locking 905.625 0.056 


####################
Target T780: 900.000 	 Tolerance 0.06 ~ 54.000
Target T810: 0.058 	 Tolerance 0.04 ~ 0.002
Time start: 01:30:09
Initial Transmission: T780 898.237 T810 0.056 

Do not need to lock 
Locking result: 1 
Finished at Thu, 16 Mar 2017 01:30:09
Locking duration 0 seconds
T780 and T810 after locking 898.237 0.056 


####################
Target T780: 900.000 	 Tolerance 0.06 ~ 54.000
Target T810: 0.058 	 Tolerance 0.04 ~ 0.002
Time start: 01:30:54
Initial Transmission: T780 919.351 T810 0.056 

Do not need to lock 
Locking result: 1 
Finished at Thu, 16 Mar 2017 01:30:54
Locking duration 0 seconds
T780 and T810 after locking 919.351 0.056 


####################
