Target T780: 900.000 	 Tolerance 0.06 ~ 54.000
Target T810: 0.058 	 Tolerance 0.04 ~ 0.002
Time start: 01:40:47
Initial Transmission: T780 915.907 T810 0.056 

Do not need to lock 
Locking result: 1 
Finished at Thu, 16 Mar 2017 01:40:47
Locking duration 0 seconds
T780 and T810 after locking 915.907 0.056 


####################
Target T780: 900.000 	 Tolerance 0.06 ~ 54.000
Target T810: 0.058 	 Tolerance 0.04 ~ 0.002
Time start: 01:41:33
Initial Transmission: T780 920.821 T810 0.056 

Do not need to lock 
Locking result: 1 
Finished at Thu, 16 Mar 2017 01:41:33
Locking duration 0 seconds
T780 and T810 after locking 920.821 0.056 


####################
Target T780: 900.000 	 Tolerance 0.06 ~ 54.000
Target T810: 0.058 	 Tolerance 0.04 ~ 0.002
Time start: 01:45:45
Initial Transmission: T780 925.695 T810 0.056 

Do not need to lock 
Locking result: 1 
Finished at Thu, 16 Mar 2017 01:45:45
Locking duration 0 seconds
T780 and T810 after locking 925.695 0.056 


####################
Target T780: 900.000 	 Tolerance 0.06 ~ 54.000
Target T810: 0.058 	 Tolerance 0.04 ~ 0.002
Time start: 01:49:49
Initial Transmission: T780 900.553 T810 0.056 

Do not need to lock 
Locking result: 1 
Finished at Thu, 16 Mar 2017 01:49:49
Locking duration 0 seconds
T780 and T810 after locking 900.553 0.056 


####################
Target T780: 900.000 	 Tolerance 0.06 ~ 54.000
Target T810: 0.058 	 Tolerance 0.04 ~ 0.002
Time start: 01:50:35
Initial Transmission: T780 916.885 T810 0.056 

Do not need to lock 
Locking result: 1 
Finished at Thu, 16 Mar 2017 01:50:35
Locking duration 0 seconds
T780 and T810 after locking 916.885 0.056 


####################
Target T780: 900.000 	 Tolerance 0.06 ~ 54.000
Target T810: 0.058 	 Tolerance 0.04 ~ 0.002
Time start: 01:54:45
Initial Transmission: T780 907.633 T810 0.056 

Do not need to lock 
Locking result: 1 
Finished at Thu, 16 Mar 2017 01:54:45
Locking duration 0 seconds
T780 and T810 after locking 907.633 0.056 


####################
Target T780: 900.000 	 Tolerance 0.06 ~ 54.000
Target T810: 0.058 	 Tolerance 0.04 ~ 0.002
Time start: 01:55:31
Initial Transmission: T780 887.095 T810 0.056 

Do not need to lock 
Locking result: 1 
Finished at Thu, 16 Mar 2017 01:55:31
Locking duration 0 seconds
T780 and T810 after locking 887.095 0.056 


####################
Target T780: 900.000 	 Tolerance 0.06 ~ 54.000
Target T810: 0.058 	 Tolerance 0.04 ~ 0.002
Time start: 01:59:25
Initial Transmission: T780 924.010 T810 0.056 

Do not need to lock 
Locking result: 1 
Finished at Thu, 16 Mar 2017 01:59:25
Locking duration 0 seconds
T780 and T810 after locking 924.010 0.056 


####################
