Target T780: 900.000 	 Tolerance 0.06 ~ 54.000
Target T810: 0.058 	 Tolerance 0.04 ~ 0.002
Time start: 22:19:20
Initial Transmission: T780 917.495 T810 0.057 

Do not need to lock 
Locking result: 1 
Finished at Wed, 15 Mar 2017 22:19:20
Locking duration 0 seconds
T780 and T810 after locking 917.495 0.057 


####################
Target T780: 900.000 	 Tolerance 0.06 ~ 54.000
Target T810: 0.058 	 Tolerance 0.04 ~ 0.002
Time start: 22:20:05
Initial Transmission: T780 915.526 T810 0.057 

Do not need to lock 
Locking result: 1 
Finished at Wed, 15 Mar 2017 22:20:05
Locking duration 0 seconds
T780 and T810 after locking 915.526 0.057 


####################
Target T780: 900.000 	 Tolerance 0.06 ~ 54.000
Target T810: 0.058 	 Tolerance 0.04 ~ 0.002
Time start: 22:24:17
Initial Transmission: T780 929.031 T810 0.056 

Do not need to lock 
Locking result: 1 
Finished at Wed, 15 Mar 2017 22:24:17
Locking duration 0 seconds
T780 and T810 after locking 929.031 0.056 


####################
Target T780: 900.000 	 Tolerance 0.06 ~ 54.000
Target T810: 0.058 	 Tolerance 0.04 ~ 0.002
Time start: 22:28:02
Initial Transmission: T780 914.553 T810 0.056 

Do not need to lock 
Locking result: 1 
Finished at Wed, 15 Mar 2017 22:28:02
Locking duration 0 seconds
T780 and T810 after locking 914.553 0.056 


####################
Target T780: 900.000 	 Tolerance 0.06 ~ 54.000
Target T810: 0.058 	 Tolerance 0.04 ~ 0.002
Time start: 22:32:02
Initial Transmission: T780 885.621 T810 0.056 

Do not need to lock 
Locking result: 1 
Finished at Wed, 15 Mar 2017 22:32:02
Locking duration 0 seconds
T780 and T810 after locking 885.621 0.056 


####################
Target T780: 900.000 	 Tolerance 0.06 ~ 54.000
Target T810: 0.058 	 Tolerance 0.04 ~ 0.002
Time start: 22:36:08
Initial Transmission: T780 917.306 T810 0.056 

Do not need to lock 
Locking result: 1 
Finished at Wed, 15 Mar 2017 22:36:08
Locking duration 0 seconds
T780 and T810 after locking 917.306 0.056 


####################
