Target T780: 900.000 	 Tolerance 0.06 ~ 54.000
Target T810: 0.058 	 Tolerance 0.04 ~ 0.002
Time start: 20:59:44
Initial Transmission: T780 912.196 T810 0.057 

Do not need to lock 
Locking result: 1 
Finished at Wed, 15 Mar 2017 20:59:44
Locking duration 0 seconds
T780 and T810 after locking 912.196 0.057 


####################
Target T780: 900.000 	 Tolerance 0.06 ~ 54.000
Target T810: 0.058 	 Tolerance 0.04 ~ 0.002
Time start: 21:00:32
Initial Transmission: T780 873.188 T810 0.057 

Do not need to lock 
Locking result: 1 
Finished at Wed, 15 Mar 2017 21:00:32
Locking duration 0 seconds
T780 and T810 after locking 873.188 0.057 


####################
Target T780: 900.000 	 Tolerance 0.06 ~ 54.000
Target T810: 0.058 	 Tolerance 0.04 ~ 0.002
Time start: 21:01:17
Initial Transmission: T780 898.823 T810 0.057 

Do not need to lock 
Locking result: 1 
Finished at Wed, 15 Mar 2017 21:01:17
Locking duration 0 seconds
T780 and T810 after locking 898.823 0.057 


####################
Target T780: 900.000 	 Tolerance 0.06 ~ 54.000
Target T810: 0.058 	 Tolerance 0.04 ~ 0.002
Time start: 21:05:40
Initial Transmission: T780 927.457 T810 0.057 

Do not need to lock 
Locking result: 1 
Finished at Wed, 15 Mar 2017 21:05:40
Locking duration 0 seconds
T780 and T810 after locking 927.457 0.057 


####################
Target T780: 900.000 	 Tolerance 0.06 ~ 54.000
Target T810: 0.058 	 Tolerance 0.04 ~ 0.002
Time start: 21:06:25
Initial Transmission: T780 876.316 T810 0.057 

Do not need to lock 
Locking result: 1 
Finished at Wed, 15 Mar 2017 21:06:25
Locking duration 0 seconds
T780 and T810 after locking 876.316 0.057 


####################
Target T780: 900.000 	 Tolerance 0.06 ~ 54.000
Target T810: 0.058 	 Tolerance 0.04 ~ 0.002
Time start: 21:10:32
Initial Transmission: T780 886.043 T810 0.057 

Do not need to lock 
Locking result: 1 
Finished at Wed, 15 Mar 2017 21:10:32
Locking duration 0 seconds
T780 and T810 after locking 886.043 0.057 


####################
Target T780: 900.000 	 Tolerance 0.06 ~ 54.000
Target T810: 0.058 	 Tolerance 0.04 ~ 0.002
Time start: 21:14:43
Initial Transmission: T780 894.042 T810 0.057 

Do not need to lock 
Locking result: 1 
Finished at Wed, 15 Mar 2017 21:14:43
Locking duration 0 seconds
T780 and T810 after locking 894.042 0.057 


####################
Target T780: 900.000 	 Tolerance 0.06 ~ 54.000
Target T810: 0.058 	 Tolerance 0.04 ~ 0.002
Time start: 21:18:37
Initial Transmission: T780 880.402 T810 0.056 

Do not need to lock 
Locking result: 1 
Finished at Wed, 15 Mar 2017 21:18:37
Locking duration 0 seconds
T780 and T810 after locking 880.402 0.056 


####################
