Target T780: 530.000 	 Tolerance 0.08 ~ 42.400
Target T810: 0.034 	 Tolerance 0.05 ~ 0.002
Time start: Fri, 17 Feb 2017 16:43:31
Initial Transmission: T780 391.439 T810 0.032 

T780 Lock 
8.050 -4.660 391.520
8.030 -4.680 403.580
8.020 -4.690 421.480
8.010 -4.690 443.280
8.000 -4.700 459.820
7.990 -4.690 481.580
7.980 -4.700 492.140
Lock result: 1
T810 Lock
7.980 -4.700 0.033
Lock result: 2

T780 Lock 
7.980 -4.700 471.980
7.980 -4.710 478.880
7.990 -4.700 479.360
7.980 -4.710 481.580
7.970 -4.700 478.520
7.980 -4.700 480.000
7.990 -4.710 480.420
8.000 -4.720 469.360
7.990 -4.730 468.520
7.980 -4.720 471.660
7.990 -4.720 483.020
8.000 -4.720 456.540
Lock result: 3
T780 and T810 after locking 481.333 0.033 


####################
Target T780: 530.000 	 Tolerance 0.08 ~ 42.400
Target T810: 0.034 	 Tolerance 0.05 ~ 0.002
Time start: Fri, 17 Feb 2017 16:50:16
Initial Transmission: T780 500.278 T810 0.031 

T780 Lock 
8.000 -4.720 508.780
Lock result: 2
T810 Lock
8.000 -4.720 0.032
8.000 -4.710 0.032
7.990 -4.700 0.032
Lock result: 1

T780 and T810 after locking 535.250 0.032 


####################
Target T780: 530.000 	 Tolerance 0.08 ~ 42.400
Target T810: 0.034 	 Tolerance 0.05 ~ 0.002
Time start: Fri, 17 Feb 2017 16:51:29
Initial Transmission: T780 518.447 T810 0.033 

Do not need to lock 
Locking result: 1 
T780 and T810 after locking 518.447 0.033 


####################
