Target T780: 500.000 	 Tolerance 0.08 ~ 40.000
Target T810: 0.034 	 Tolerance 0.05 ~ 0.002
Time start: Wed, 15 Feb 2017 17:30:16
Initial Transmission: T780 470.126 T810 0.032 

T780 Lock 
7.870 -4.640 490.700
Lock result: 2
T810 Lock
7.870 -4.640 0.032
7.860 -4.630 0.033
Lock result: 1

T780 and T810 after locking 502.435 0.033 


####################
Target T780: 500.000 	 Tolerance 0.08 ~ 40.000
Target T810: 0.034 	 Tolerance 0.05 ~ 0.002
Time start: Wed, 15 Feb 2017 17:35:20
Initial Transmission: T780 500.691 T810 0.033 

Do not need to lock 
Locking result: 1 
T780 and T810 after locking 500.691 0.033 


####################
Target T780: 500.000 	 Tolerance 0.08 ~ 40.000
Target T810: 0.034 	 Tolerance 0.05 ~ 0.002
Time start: Wed, 15 Feb 2017 17:39:24
Initial Transmission: T780 491.255 T810 0.033 

Do not need to lock 
Locking result: 1 
T780 and T810 after locking 491.255 0.033 


####################
Target T780: 500.000 	 Tolerance 0.08 ~ 40.000
Target T810: 0.034 	 Tolerance 0.05 ~ 0.002
Time start: Wed, 15 Feb 2017 17:43:39
Initial Transmission: T780 474.583 T810 0.033 

Do not need to lock 
Locking result: 1 
T780 and T810 after locking 474.583 0.033 


####################
Target T780: 500.000 	 Tolerance 0.08 ~ 40.000
Target T810: 0.034 	 Tolerance 0.05 ~ 0.002
Time start: Wed, 15 Feb 2017 17:44:32
Initial Transmission: T780 472.189 T810 0.034 

Do not need to lock 
Locking result: 1 
T780 and T810 after locking 472.189 0.034 


####################
