Target T780: 800.000 	 Tolerance 0.08 ~ 64.000
Target T810: 0.062 	 Tolerance 0.05 ~ 0.003
Time start: Thu, 09 Mar 2017 12:59:47
Initial Transmission: T780 816.320 T810 0.060 

Do not need to lock 
Locking result: 1 
T780 and T810 after locking 816.320 0.060 


####################
Target T780: 800.000 	 Tolerance 0.08 ~ 64.000
Target T810: 0.062 	 Tolerance 0.05 ~ 0.003
Time start: Thu, 09 Mar 2017 13:00:41
Initial Transmission: T780 815.958 T810 0.060 

Do not need to lock 
Locking result: 1 
T780 and T810 after locking 815.958 0.060 


####################
Target T780: 800.000 	 Tolerance 0.08 ~ 64.000
Target T810: 0.062 	 Tolerance 0.05 ~ 0.003
Time start: Thu, 09 Mar 2017 13:07:46
Initial Transmission: T780 785.458 T810 0.061 

Do not need to lock 
Locking result: 1 
T780 and T810 after locking 785.458 0.061 


####################
Target T780: 800.000 	 Tolerance 0.08 ~ 64.000
Target T810: 0.062 	 Tolerance 0.05 ~ 0.003
Time start: Thu, 09 Mar 2017 13:08:39
Initial Transmission: T780 778.368 T810 0.060 

Do not need to lock 
Locking result: 1 
T780 and T810 after locking 778.368 0.060 


####################
