Target T780: 900.000 	 Tolerance 0.06 ~ 54.000
Target T810: 0.058 	 Tolerance 0.04 ~ 0.002
Time start: 02:04:52
Initial Transmission: T780 928.312 T810 0.056 

Do not need to lock 
Locking result: 1 
Finished at Thu, 16 Mar 2017 02:04:52
Locking duration 0 seconds
T780 and T810 after locking 928.312 0.056 


####################
Target T780: 900.000 	 Tolerance 0.06 ~ 54.000
Target T810: 0.058 	 Tolerance 0.04 ~ 0.002
Time start: 02:05:37
Initial Transmission: T780 890.656 T810 0.056 

Do not need to lock 
Locking result: 1 
Finished at Thu, 16 Mar 2017 02:05:37
Locking duration 0 seconds
T780 and T810 after locking 890.656 0.056 


####################
Target T780: 900.000 	 Tolerance 0.06 ~ 54.000
Target T810: 0.058 	 Tolerance 0.04 ~ 0.002
Time start: 02:09:52
Initial Transmission: T780 908.625 T810 0.056 

Do not need to lock 
Locking result: 1 
Finished at Thu, 16 Mar 2017 02:09:52
Locking duration 0 seconds
T780 and T810 after locking 908.625 0.056 


####################
Target T780: 900.000 	 Tolerance 0.06 ~ 54.000
Target T810: 0.058 	 Tolerance 0.04 ~ 0.002
Time start: 02:10:37
Initial Transmission: T780 890.083 T810 0.056 

Do not need to lock 
Locking result: 1 
Finished at Thu, 16 Mar 2017 02:10:37
Locking duration 0 seconds
T780 and T810 after locking 890.083 0.056 


####################
Target T780: 900.000 	 Tolerance 0.06 ~ 54.000
Target T810: 0.058 	 Tolerance 0.04 ~ 0.002
Time start: 02:14:48
Initial Transmission: T780 890.454 T810 0.056 

Do not need to lock 
Locking result: 1 
Finished at Thu, 16 Mar 2017 02:14:48
Locking duration 0 seconds
T780 and T810 after locking 890.454 0.056 


####################
Target T780: 900.000 	 Tolerance 0.06 ~ 54.000
Target T810: 0.058 	 Tolerance 0.04 ~ 0.002
Time start: 02:18:55
Initial Transmission: T780 883.255 T810 0.056 

Do not need to lock 
Locking result: 1 
Finished at Thu, 16 Mar 2017 02:18:55
Locking duration 0 seconds
T780 and T810 after locking 883.255 0.056 


####################
Target T780: 900.000 	 Tolerance 0.06 ~ 54.000
Target T810: 0.058 	 Tolerance 0.04 ~ 0.002
Time start: 02:19:40
Initial Transmission: T780 902.872 T810 0.056 

Do not need to lock 
Locking result: 1 
Finished at Thu, 16 Mar 2017 02:19:40
Locking duration 0 seconds
T780 and T810 after locking 902.872 0.056 


####################
Target T780: 900.000 	 Tolerance 0.06 ~ 54.000
Target T810: 0.058 	 Tolerance 0.04 ~ 0.002
Time start: 02:24:02
Initial Transmission: T780 890.541 T810 0.056 

Do not need to lock 
Locking result: 1 
Finished at Thu, 16 Mar 2017 02:24:02
Locking duration 0 seconds
T780 and T810 after locking 890.541 0.056 


####################
Target T780: 900.000 	 Tolerance 0.06 ~ 54.000
Target T810: 0.058 	 Tolerance 0.04 ~ 0.002
Time start: 02:24:47
Initial Transmission: T780 902.232 T810 0.056 

Do not need to lock 
Locking result: 1 
Finished at Thu, 16 Mar 2017 02:24:47
Locking duration 0 seconds
T780 and T810 after locking 902.232 0.056 


####################
