Target T780: 900.000 	 Tolerance 0.06 ~ 54.000
Target T810: 0.058 	 Tolerance 0.04 ~ 0.002
Time start: 14:14:13
Initial Transmission: T780 912.714 T810 0.058 

Do not need to lock 
Locking result: 1 
Finished at Wed, 15 Mar 2017 14:14:13
Locking duration 0 seconds
T780 and T810 after locking 912.714 0.058 


####################
Target T780: 900.000 	 Tolerance 0.06 ~ 54.000
Target T810: 0.058 	 Tolerance 0.04 ~ 0.002
Time start: 14:14:58
Initial Transmission: T780 946.699 T810 0.058 

Do not need to lock 
Locking result: 1 
Finished at Wed, 15 Mar 2017 14:14:58
Locking duration 0 seconds
T780 and T810 after locking 946.699 0.058 


####################
Target T780: 900.000 	 Tolerance 0.06 ~ 54.000
Target T810: 0.058 	 Tolerance 0.04 ~ 0.002
Time start: 14:19:11
Initial Transmission: T780 921.083 T810 0.057 

Do not need to lock 
Locking result: 1 
Finished at Wed, 15 Mar 2017 14:19:11
Locking duration 0 seconds
T780 and T810 after locking 921.083 0.057 


####################
Target T780: 900.000 	 Tolerance 0.06 ~ 54.000
Target T810: 0.058 	 Tolerance 0.04 ~ 0.002
Time start: 14:22:57
Initial Transmission: T780 948.979 T810 0.058 

Do not need to lock 
Locking result: 1 
Finished at Wed, 15 Mar 2017 14:22:57
Locking duration 0 seconds
T780 and T810 after locking 948.979 0.058 


####################
Target T780: 900.000 	 Tolerance 0.06 ~ 54.000
Target T810: 0.058 	 Tolerance 0.04 ~ 0.002
Time start: 14:23:42
Initial Transmission: T780 923.568 T810 0.057 

Do not need to lock 
Locking result: 1 
Finished at Wed, 15 Mar 2017 14:23:42
Locking duration 0 seconds
T780 and T810 after locking 923.568 0.057 


####################
Target T780: 900.000 	 Tolerance 0.06 ~ 54.000
Target T810: 0.058 	 Tolerance 0.04 ~ 0.002
Time start: 14:27:34
Initial Transmission: T780 933.113 T810 0.057 

Do not need to lock 
Locking result: 1 
Finished at Wed, 15 Mar 2017 14:27:34
Locking duration 0 seconds
T780 and T810 after locking 933.113 0.057 


####################
Target T780: 900.000 	 Tolerance 0.06 ~ 54.000
Target T810: 0.058 	 Tolerance 0.04 ~ 0.002
Time start: 14:31:43
Initial Transmission: T780 932.281 T810 0.057 

Do not need to lock 
Locking result: 1 
Finished at Wed, 15 Mar 2017 14:31:43
Locking duration 0 seconds
T780 and T810 after locking 932.281 0.057 


####################
Target T780: 900.000 	 Tolerance 0.06 ~ 54.000
Target T810: 0.058 	 Tolerance 0.04 ~ 0.002
Time start: 14:32:29
Initial Transmission: T780 908.125 T810 0.057 

Do not need to lock 
Locking result: 1 
Finished at Wed, 15 Mar 2017 14:32:29
Locking duration 0 seconds
T780 and T810 after locking 908.125 0.057 


####################
