Target T780: 1000.000 	 Tolerance 0.06 ~ 60.000
Target T810: 0.058 	 Tolerance 0.04 ~ 0.002
Time start: 15:49:59
Initial Transmission: T780 997.402 T810 0.057 

Do not need to lock 
Locking result: 1 
Finished at Tue, 14 Mar 2017 15:49:59
Locking duration 0 seconds
T780 and T810 after locking 997.402 0.057 


####################
Target T780: 1000.000 	 Tolerance 0.06 ~ 60.000
Target T810: 0.058 	 Tolerance 0.04 ~ 0.002
Time start: 15:50:52
Initial Transmission: T780 987.010 T810 0.057 

Do not need to lock 
Locking result: 1 
Finished at Tue, 14 Mar 2017 15:50:52
Locking duration 0 seconds
T780 and T810 after locking 987.010 0.057 


####################
Target T780: 1000.000 	 Tolerance 0.06 ~ 60.000
Target T810: 0.058 	 Tolerance 0.04 ~ 0.002
Time start: 15:55:05
Initial Transmission: T780 965.895 T810 0.057 

Do not need to lock 
Locking result: 1 
Finished at Tue, 14 Mar 2017 15:55:05
Locking duration 0 seconds
T780 and T810 after locking 965.895 0.057 


####################
Target T780: 1000.000 	 Tolerance 0.06 ~ 60.000
Target T810: 0.058 	 Tolerance 0.04 ~ 0.002
Time start: 15:59:05
Initial Transmission: T780 982.137 T810 0.057 

Do not need to lock 
Locking result: 1 
Finished at Tue, 14 Mar 2017 15:59:05
Locking duration 0 seconds
T780 and T810 after locking 982.137 0.057 


####################
Target T780: 1000.000 	 Tolerance 0.06 ~ 60.000
Target T810: 0.058 	 Tolerance 0.04 ~ 0.002
Time start: 16:03:07
Initial Transmission: T780 966.789 T810 0.057 

Do not need to lock 
Locking result: 1 
Finished at Tue, 14 Mar 2017 16:03:07
Locking duration 0 seconds
T780 and T810 after locking 966.789 0.057 


####################
Target T780: 1000.000 	 Tolerance 0.06 ~ 60.000
Target T810: 0.058 	 Tolerance 0.04 ~ 0.002
Time start: 16:04:01
Initial Transmission: T780 999.761 T810 0.057 

Do not need to lock 
Locking result: 1 
Finished at Tue, 14 Mar 2017 16:04:01
Locking duration 0 seconds
T780 and T810 after locking 999.761 0.057 


####################
Target T780: 1000.000 	 Tolerance 0.06 ~ 60.000
Target T810: 0.058 	 Tolerance 0.04 ~ 0.002
Time start: 16:04:55
Initial Transmission: T780 985.872 T810 0.057 

Do not need to lock 
Locking result: 1 
Finished at Tue, 14 Mar 2017 16:04:55
Locking duration 0 seconds
T780 and T810 after locking 985.872 0.057 


####################
Target T780: 1000.000 	 Tolerance 0.06 ~ 60.000
Target T810: 0.058 	 Tolerance 0.04 ~ 0.002
Time start: 16:05:48
Initial Transmission: T780 991.938 T810 0.057 

Do not need to lock 
Locking result: 1 
Finished at Tue, 14 Mar 2017 16:05:48
Locking duration 0 seconds
T780 and T810 after locking 991.938 0.057 


####################
Target T780: 1000.000 	 Tolerance 0.06 ~ 60.000
Target T810: 0.058 	 Tolerance 0.04 ~ 0.002
Time start: 16:09:43
Initial Transmission: T780 997.096 T810 0.057 

Do not need to lock 
Locking result: 1 
Finished at Tue, 14 Mar 2017 16:09:43
Locking duration 0 seconds
T780 and T810 after locking 997.096 0.057 


####################
