Target T780: 900.000 	 Tolerance 0.06 ~ 54.000
Target T810: 0.058 	 Tolerance 0.04 ~ 0.002
Time start: 11:09:51
Initial Transmission: T780 912.532 T810 0.059 

Do not need to lock 
Locking result: 1 
Finished at Thu, 16 Mar 2017 11:09:51
Locking duration 0 seconds
T780 and T810 after locking 912.532 0.059 


####################
Target T780: 900.000 	 Tolerance 0.06 ~ 54.000
Target T810: 0.058 	 Tolerance 0.04 ~ 0.002
Time start: 11:10:36
Initial Transmission: T780 921.856 T810 0.059 

Do not need to lock 
Locking result: 1 
Finished at Thu, 16 Mar 2017 11:10:36
Locking duration 0 seconds
T780 and T810 after locking 921.856 0.059 


####################
Target T780: 900.000 	 Tolerance 0.06 ~ 54.000
Target T810: 0.058 	 Tolerance 0.04 ~ 0.002
Time start: 11:15:11
Initial Transmission: T780 885.095 T810 0.058 

Do not need to lock 
Locking result: 1 
Finished at Thu, 16 Mar 2017 11:15:11
Locking duration 0 seconds
T780 and T810 after locking 885.095 0.058 


####################
Target T780: 900.000 	 Tolerance 0.06 ~ 54.000
Target T810: 0.058 	 Tolerance 0.04 ~ 0.002
Time start: 11:18:38
Initial Transmission: T780 873.753 T810 0.058 

Do not need to lock 
Locking result: 1 
Finished at Thu, 16 Mar 2017 11:18:38
Locking duration 0 seconds
T780 and T810 after locking 873.753 0.058 


####################
Target T780: 900.000 	 Tolerance 0.06 ~ 54.000
Target T810: 0.058 	 Tolerance 0.04 ~ 0.002
Time start: 11:19:23
Initial Transmission: T780 870.385 T810 0.058 

Do not need to lock 
Locking result: 1 
Finished at Thu, 16 Mar 2017 11:19:23
Locking duration 0 seconds
T780 and T810 after locking 870.385 0.058 


####################
