Target T780: 500.000 	 Tolerance 0.08 ~ 40.000
Target T810: 0.034 	 Tolerance 0.05 ~ 0.002
Time start: Tue, 14 Feb 2017 16:08:35
Initial Transmission: T780 422.768 T810 0.030 

T780 Lock 
8.310 -4.790 424.860
8.320 -4.780 444.200
8.320 -4.770 448.740
8.330 -4.760 453.680
8.340 -4.750 468.740
Lock result: 1
T810 Lock
8.340 -4.750 0.030
8.330 -4.740 0.030
8.320 -4.730 0.031
8.310 -4.720 0.032
8.300 -4.720 0.032
8.290 -4.710 0.032
Lock result: 1

T780 Lock 
8.290 -4.710 416.200
8.300 -4.720 428.420
8.310 -4.730 444.300
8.320 -4.740 451.100
8.330 -4.740 465.700
Lock result: 1
T810 Lock
8.330 -4.740 0.031
8.320 -4.730 0.031
8.310 -4.720 0.031
8.300 -4.710 0.032
8.290 -4.700 0.033
Lock result: 1

T780 Lock 
8.290 -4.700 407.520
8.300 -4.710 427.480
8.310 -4.710 447.000
8.320 -4.700 455.220
8.330 -4.710 465.640
Lock result: 1
T810 Lock
8.330 -4.710 0.032
8.320 -4.700 0.031
8.310 -4.690 0.032
8.310 -4.680 0.033
Lock result: 1

