Target T780: 1050.000 	 Tolerance 0.06 ~ 63.000
Target T810: 0.058 	 Tolerance 0.04 ~ 0.002
Time start: 15:34:36
Initial Transmission: T780 1069.856 T810 0.057 

Do not need to lock 
Locking result: 1 
Finished at Fri, 10 Mar 2017 15:34:36
Locking duration 0 seconds
T780 and T810 after locking 1069.856 0.057 


####################
Target T780: 1050.000 	 Tolerance 0.06 ~ 63.000
Target T810: 0.058 	 Tolerance 0.04 ~ 0.002
Time start: 15:35:30
Initial Transmission: T780 1110.681 T810 0.057 

Do not need to lock 
Locking result: 1 
Finished at Fri, 10 Mar 2017 15:35:30
Locking duration 0 seconds
T780 and T810 after locking 1110.681 0.057 


####################
Target T780: 1050.000 	 Tolerance 0.06 ~ 63.000
Target T810: 0.058 	 Tolerance 0.04 ~ 0.002
Time start: 15:36:22
Initial Transmission: T780 1064.453 T810 0.057 

Do not need to lock 
Locking result: 1 
Finished at Fri, 10 Mar 2017 15:36:22
Locking duration 0 seconds
T780 and T810 after locking 1064.453 0.057 


####################
Target T780: 1050.000 	 Tolerance 0.06 ~ 63.000
Target T810: 0.058 	 Tolerance 0.04 ~ 0.002
Time start: 15:40:38
Initial Transmission: T780 1044.426 T810 0.056 

Do not need to lock 
Locking result: 1 
Finished at Fri, 10 Mar 2017 15:40:38
Locking duration 0 seconds
T780 and T810 after locking 1044.426 0.056 


####################
Target T780: 1050.000 	 Tolerance 0.06 ~ 63.000
Target T810: 0.058 	 Tolerance 0.04 ~ 0.002
Time start: 15:41:30
Initial Transmission: T780 1047.137 T810 0.056 

Do not need to lock 
Locking result: 1 
Finished at Fri, 10 Mar 2017 15:41:30
Locking duration 0 seconds
T780 and T810 after locking 1047.137 0.056 


####################
