Target T780: 900.000 	 Tolerance 0.06 ~ 54.000
Target T810: 0.058 	 Tolerance 0.04 ~ 0.002
Time start: 21:27:02
Initial Transmission: T780 894.823 T810 0.056 

Do not need to lock 
Locking result: 1 
Finished at Wed, 15 Mar 2017 21:27:02
Locking duration 0 seconds
T780 and T810 after locking 894.823 0.056 


####################
Target T780: 900.000 	 Tolerance 0.06 ~ 54.000
Target T810: 0.058 	 Tolerance 0.04 ~ 0.002
Time start: 21:27:47
Initial Transmission: T780 901.423 T810 0.056 

Do not need to lock 
Locking result: 1 
Finished at Wed, 15 Mar 2017 21:27:47
Locking duration 0 seconds
T780 and T810 after locking 901.423 0.056 


####################
Target T780: 900.000 	 Tolerance 0.06 ~ 54.000
Target T810: 0.058 	 Tolerance 0.04 ~ 0.002
Time start: 21:32:17
Initial Transmission: T780 914.196 T810 0.056 

Do not need to lock 
Locking result: 1 
Finished at Wed, 15 Mar 2017 21:32:17
Locking duration 0 seconds
T780 and T810 after locking 914.196 0.056 


####################
Target T780: 900.000 	 Tolerance 0.06 ~ 54.000
Target T810: 0.058 	 Tolerance 0.04 ~ 0.002
Time start: 21:36:31
Initial Transmission: T780 879.832 T810 0.057 

Do not need to lock 
Locking result: 1 
Finished at Wed, 15 Mar 2017 21:36:31
Locking duration 0 seconds
T780 and T810 after locking 879.832 0.057 


####################
Target T780: 900.000 	 Tolerance 0.06 ~ 54.000
Target T810: 0.058 	 Tolerance 0.04 ~ 0.002
Time start: 21:40:40
Initial Transmission: T780 909.663 T810 0.057 

Do not need to lock 
Locking result: 1 
Finished at Wed, 15 Mar 2017 21:40:40
Locking duration 0 seconds
T780 and T810 after locking 909.663 0.057 


####################
Target T780: 900.000 	 Tolerance 0.06 ~ 54.000
Target T810: 0.058 	 Tolerance 0.04 ~ 0.002
Time start: 21:44:47
Initial Transmission: T780 903.229 T810 0.057 

Do not need to lock 
Locking result: 1 
Finished at Wed, 15 Mar 2017 21:44:47
Locking duration 0 seconds
T780 and T810 after locking 903.229 0.057 


####################
