Target T780: 900.000 	 Tolerance 0.06 ~ 54.000
Target T810: 0.058 	 Tolerance 0.04 ~ 0.002
Time start: 18:25:44
Initial Transmission: T780 879.537 T810 0.058 

Do not need to lock 
Locking result: 1 
Finished at Wed, 15 Mar 2017 18:25:44
Locking duration 0 seconds
T780 and T810 after locking 879.537 0.058 


####################
Target T780: 900.000 	 Tolerance 0.06 ~ 54.000
Target T810: 0.058 	 Tolerance 0.04 ~ 0.002
Time start: 18:26:29
Initial Transmission: T780 892.882 T810 0.058 

Do not need to lock 
Locking result: 1 
Finished at Wed, 15 Mar 2017 18:26:29
Locking duration 0 seconds
T780 and T810 after locking 892.882 0.058 


####################
Target T780: 900.000 	 Tolerance 0.06 ~ 54.000
Target T810: 0.058 	 Tolerance 0.04 ~ 0.002
Time start: 18:30:41
Initial Transmission: T780 889.711 T810 0.058 

Do not need to lock 
Locking result: 1 
Finished at Wed, 15 Mar 2017 18:30:41
Locking duration 0 seconds
T780 and T810 after locking 889.711 0.058 


####################
Target T780: 900.000 	 Tolerance 0.06 ~ 54.000
Target T810: 0.058 	 Tolerance 0.04 ~ 0.002
Time start: 18:34:57
Initial Transmission: T780 883.287 T810 0.058 

Do not need to lock 
Locking result: 1 
Finished at Wed, 15 Mar 2017 18:34:57
Locking duration 0 seconds
T780 and T810 after locking 883.287 0.058 


####################
Target T780: 900.000 	 Tolerance 0.06 ~ 54.000
Target T810: 0.058 	 Tolerance 0.04 ~ 0.002
Time start: 18:38:50
Initial Transmission: T780 891.140 T810 0.058 

Do not need to lock 
Locking result: 1 
Finished at Wed, 15 Mar 2017 18:38:50
Locking duration 0 seconds
T780 and T810 after locking 891.140 0.058 


####################
Target T780: 900.000 	 Tolerance 0.06 ~ 54.000
Target T810: 0.058 	 Tolerance 0.04 ~ 0.002
Time start: 18:43:09
Initial Transmission: T780 858.742 T810 0.058 

Do not need to lock 
Locking result: 1 
Finished at Wed, 15 Mar 2017 18:43:09
Locking duration 0 seconds
T780 and T810 after locking 858.742 0.058 


####################
