Target T780: 500.000 	 Tolerance 0.08 ~ 40.000
Target T810: 0.034 	 Tolerance 0.05 ~ 0.002
Time start: Thu, 16 Feb 2017 14:07:17
Initial Transmission: T780 533.742 T810 0.035 

Do not need to lock 
Locking result: 1 
T780 and T810 after locking 533.742 0.035 


####################
Target T780: 500.000 	 Tolerance 0.08 ~ 40.000
Target T810: 0.034 	 Tolerance 0.05 ~ 0.002
Time start: Thu, 16 Feb 2017 14:11:32
Initial Transmission: T780 513.516 T810 0.035 

Do not need to lock 
Locking result: 1 
T780 and T810 after locking 513.516 0.035 


####################
Target T780: 500.000 	 Tolerance 0.08 ~ 40.000
Target T810: 0.034 	 Tolerance 0.05 ~ 0.002
Time start: Thu, 16 Feb 2017 14:15:40
Initial Transmission: T780 525.602 T810 0.035 

Do not need to lock 
Locking result: 1 
T780 and T810 after locking 525.602 0.035 


####################
