Target T780: 500.000 	 Tolerance 0.08 ~ 40.000
Target T810: 0.034 	 Tolerance 0.05 ~ 0.002
Time start: Thu, 16 Feb 2017 15:52:18
Initial Transmission: T780 509.474 T810 0.034 

Do not need to lock 
Locking result: 1 
T780 and T810 after locking 509.474 0.034 


####################
Target T780: 500.000 	 Tolerance 0.08 ~ 40.000
Target T810: 0.034 	 Tolerance 0.05 ~ 0.002
Time start: Thu, 16 Feb 2017 15:56:04
Initial Transmission: T780 501.979 T810 0.035 

Do not need to lock 
Locking result: 1 
T780 and T810 after locking 501.979 0.035 


####################
Target T780: 500.000 	 Tolerance 0.08 ~ 40.000
Target T810: 0.034 	 Tolerance 0.05 ~ 0.002
Time start: Thu, 16 Feb 2017 15:59:55
Initial Transmission: T780 508.694 T810 0.034 

Do not need to lock 
Locking result: 1 
T780 and T810 after locking 508.694 0.034 


####################
Target T780: 500.000 	 Tolerance 0.08 ~ 40.000
Target T810: 0.034 	 Tolerance 0.05 ~ 0.002
Time start: Thu, 16 Feb 2017 16:03:39
Initial Transmission: T780 490.937 T810 0.034 

Do not need to lock 
Locking result: 1 
T780 and T810 after locking 490.937 0.034 


####################
Target T780: 500.000 	 Tolerance 0.08 ~ 40.000
Target T810: 0.034 	 Tolerance 0.05 ~ 0.002
Time start: Thu, 16 Feb 2017 16:04:32
Initial Transmission: T780 480.845 T810 0.034 

Do not need to lock 
Locking result: 1 
T780 and T810 after locking 480.845 0.034 


####################
Target T780: 500.000 	 Tolerance 0.08 ~ 40.000
Target T810: 0.034 	 Tolerance 0.05 ~ 0.002
Time start: Thu, 16 Feb 2017 16:08:25
Initial Transmission: T780 473.625 T810 0.034 

Do not need to lock 
Locking result: 1 
T780 and T810 after locking 473.625 0.034 


####################
