Target T780: 500.000 	 Tolerance 0.08 ~ 40.000
Target T810: 0.034 	 Tolerance 0.05 ~ 0.002
Time start: Thu, 16 Feb 2017 14:23:21
Initial Transmission: T780 540.842 T810 0.035 

T780 Lock 
8.020 -4.450 530.900
Lock result: 2
T810 Lock
8.020 -4.450 0.035
Lock result: 2

T780 and T810 after locking 524.042 0.035 


####################
Target T780: 500.000 	 Tolerance 0.08 ~ 40.000
Target T810: 0.034 	 Tolerance 0.05 ~ 0.002
Time start: Thu, 16 Feb 2017 14:27:24
Initial Transmission: T780 523.316 T810 0.035 

Do not need to lock 
Locking result: 1 
T780 and T810 after locking 523.316 0.035 


####################
Target T780: 500.000 	 Tolerance 0.08 ~ 40.000
Target T810: 0.034 	 Tolerance 0.05 ~ 0.002
Time start: Thu, 16 Feb 2017 14:31:16
Initial Transmission: T780 515.265 T810 0.035 

Do not need to lock 
Locking result: 1 
T780 and T810 after locking 515.265 0.035 


####################
Target T780: 500.000 	 Tolerance 0.08 ~ 40.000
Target T810: 0.034 	 Tolerance 0.05 ~ 0.002
Time start: Thu, 16 Feb 2017 14:35:31
Initial Transmission: T780 514.684 T810 0.034 

Do not need to lock 
Locking result: 1 
T780 and T810 after locking 514.684 0.034 


####################
Target T780: 500.000 	 Tolerance 0.08 ~ 40.000
Target T810: 0.034 	 Tolerance 0.05 ~ 0.002
Time start: Thu, 16 Feb 2017 14:39:28
Initial Transmission: T780 512.242 T810 0.034 

Do not need to lock 
Locking result: 1 
T780 and T810 after locking 512.242 0.034 


####################
